episode : 0 | score_avg : -20.5 | loss : 1.5289108753204346 | sigma : 1.1134741306304932 | done : True
episode : 1 | score_avg : -7.849999999999998 | loss : 0.7210136651992798 | sigma : 1.1148582696914673 | done : True
episode : 2 | score_avg : -4.214999999999998 | loss : 2.6976420879364014 | sigma : 1.1150975227355957 | done : True
episode : 3 | score_avg : 0.15650000000000164 | loss : 3.511199951171875 | sigma : 1.1090070009231567 | done : True
episode : 4 | score_avg : 2.190850000000002 | loss : 8.240984916687012 | sigma : 1.1109066009521484 | done : True
episode : 5 | score_avg : 5.921765000000002 | loss : 1.7481755018234253 | sigma : 1.1061384677886963 | done : True
episode : 6 | score_avg : 8.829588500000003 | loss : 2.4483866691589355 | sigma : 1.100407361984253 | done : True
episode : 7 | score_avg : 5.346629650000002 | loss : 1.1284278631210327 | sigma : 1.1022675037384033 | done : True
episode : 8 | score_avg : 10.561966685000002 | loss : 0.6838847994804382 | sigma : 1.1093735694885254 | done : True
episode : 9 | score_avg : 18.5057700165 | loss : 0.37703993916511536 | sigma : 1.110461950302124 | done : True
episode : 10 | score_avg : 17.955193014850003 | loss : 103.00454711914062 | sigma : 1.1076794862747192 | done : True
episode : 11 | score_avg : 24.759673713365004 | loss : 1.0704917907714844 | sigma : 1.1001641750335693 | done : True
episode : 12 | score_avg : 36.28370634202851 | loss : 1.1729638576507568 | sigma : 1.0971828699111938 | done : True
episode : 13 | score_avg : 41.35533570782566 | loss : 5.079261779785156 | sigma : 1.0861241817474365 | done : True
episode : 14 | score_avg : 37.9698021370431 | loss : 31.634708404541016 | sigma : 1.089361548423767 | done : True
episode : 15 | score_avg : 40.322821923338786 | loss : 0.41369956731796265 | sigma : 1.072186827659607 | done : False
episode : 16 | score_avg : 38.790539731004905 | loss : 79.07264709472656 | sigma : 1.0386217832565308 | done : True
episode : 17 | score_avg : 37.01148575790442 | loss : 85.5858383178711 | sigma : 1.0310475826263428 | done : True
episode : 18 | score_avg : 34.060337182113976 | loss : 12.082813262939453 | sigma : 1.0281729698181152 | done : True
episode : 19 | score_avg : 32.10430346390258 | loss : 3.776336669921875 | sigma : 1.0282057523727417 | done : True
episode : 20 | score_avg : 33.49387311751232 | loss : 15.45557975769043 | sigma : 1.027988076210022 | done : True
episode : 21 | score_avg : 9.39448580576109 | loss : 1.0518693923950195 | sigma : 1.0326772928237915 | done : False
episode : 22 | score_avg : -38.04496277481502 | loss : 0.2762472629547119 | sigma : 1.0118192434310913 | done : False
episode : 23 | score_avg : -94.34046649733352 | loss : 20.112459182739258 | sigma : 0.9401923418045044 | done : False
episode : 24 | score_avg : -82.85641984760018 | loss : 228.67041015625 | sigma : 0.8902897834777832 | done : True
episode : 25 | score_avg : -73.27077786284016 | loss : 1071.0638427734375 | sigma : 0.8864085674285889 | done : True
episode : 26 | score_avg : -126.04370007655615 | loss : 19.96854019165039 | sigma : 0.8370551466941833 | done : False
episode : 27 | score_avg : -112.03933006890053 | loss : 915.36572265625 | sigma : 0.828356921672821 | done : True
episode : 28 | score_avg : -149.73539706201046 | loss : 0.03130975365638733 | sigma : 0.8522403240203857 | done : False
episode : 0 | score_avg : -201 | loss : 0.7267799377441406 | sigma : 1.0925304889678955 | done : False
episode : 1 | score_avg : -201.0 | loss : 0.5902438163757324 | sigma : 1.0800122022628784 | done : False
episode : 2 | score_avg : -174.1 | loss : 1.7510303258895874 | sigma : 1.0795907974243164 | done : True
episode : 3 | score_avg : -151.69 | loss : 3.726334571838379 | sigma : 1.0831189155578613 | done : True
episode : 4 | score_avg : -156.621 | loss : 0.3729695677757263 | sigma : 1.0808639526367188 | done : False
episode : 5 | score_avg : -139.0589 | loss : 6.9567036628723145 | sigma : 1.0667059421539307 | done : True
episode : 6 | score_avg : -140.75301 | loss : 1.3630239963531494 | sigma : 1.0583499670028687 | done : False
episode : 7 | score_avg : -146.777709 | loss : 0.3231051564216614 | sigma : 1.0405755043029785 | done : False
episode : 8 | score_avg : -152.1999381 | loss : 0.23983514308929443 | sigma : 1.009032130241394 | done : False
episode : 9 | score_avg : -156.02994429 | loss : 0.20416393876075745 | sigma : 1.014318823814392 | done : False
episode : 10 | score_avg : -136.676949861 | loss : 0.453962117433548 | sigma : 1.0246572494506836 | done : False
episode : 11 | score_avg : -134.5592548749 | loss : 0.5103272199630737 | sigma : 1.0355048179626465 | done : False
episode : 12 | score_avg : -134.15332938741003 | loss : 0.3886231780052185 | sigma : 1.0226229429244995 | done : False
episode : 13 | score_avg : -140.83799644866903 | loss : 2.275310516357422 | sigma : 1.0014678239822388 | done : False
episode : 14 | score_avg : -138.15419680380214 | loss : 0.4812643229961395 | sigma : 0.9884324669837952 | done : False
episode : 15 | score_avg : -135.88877712342193 | loss : 1.4886548519134521 | sigma : 0.9967901706695557 | done : False
episode : 16 | score_avg : -141.19989941107974 | loss : 1.1047542095184326 | sigma : 0.9951249957084656 | done : False
episode : 17 | score_avg : -147.17990946997176 | loss : 0.8900517225265503 | sigma : 0.9757035970687866 | done : False
episode : 18 | score_avg : -126.1119185229746 | loss : 0.5533407926559448 | sigma : 0.9650986194610596 | done : False
episode : 19 | score_avg : -103.45072667067716 | loss : -0.0034426788333803415 | sigma : 0.977673351764679 | done : False
episode : 20 | score_avg : -113.20565400360945 | loss : 0.0776798278093338 | sigma : 0.9699728488922119 | done : False
episode : 21 | score_avg : -104.58508860324851 | loss : 0.9156480431556702 | sigma : 0.9502956867218018 | done : False
episode : 22 | score_avg : -114.22657974292366 | loss : 2.3134868144989014 | sigma : 0.945488452911377 | done : False
episode : 23 | score_avg : -122.9039217686313 | loss : 0.7546898126602173 | sigma : 0.9538053274154663 | done : False
episode : 24 | score_avg : -130.71352959176818 | loss : 0.46101880073547363 | sigma : 0.9440163373947144 | done : False
episode : 25 | score_avg : -137.74217663259137 | loss : 0.8275127410888672 | sigma : 0.9148198366165161 | done : False
episode : 26 | score_avg : -113.91795896933223 | loss : 0.46168985962867737 | sigma : 0.9125049114227295 | done : False
episode : 27 | score_avg : -92.47616307239902 | loss : 0.7466620206832886 | sigma : 0.9027653932571411 | done : False
episode : 28 | score_avg : -82.02854676515912 | loss : 0.4944832921028137 | sigma : 0.894393265247345 | done : False
episode : 29 | score_avg : -93.92569208864322 | loss : 0.4904972016811371 | sigma : 0.9066950082778931 | done : False
episode : 30 | score_avg : -78.5331228797789 | loss : 20.77698516845703 | sigma : 0.9250916838645935 | done : True
episode : 31 | score_avg : -64.87981059180102 | loss : 14.227875709533691 | sigma : 0.9137814044952393 | done : True
episode : 32 | score_avg : -58.941829532620915 | loss : 14.342391967773438 | sigma : 0.90576171875 | done : True
episode : 33 | score_avg : -65.19764657935883 | loss : 0.42611944675445557 | sigma : 0.898029088973999 | done : False
episode : 34 | score_avg : -78.77788192142296 | loss : 0.038649074733257294 | sigma : 0.8688327074050903 | done : False
episode : 35 | score_avg : -91.00009372928068 | loss : 2.343918561935425 | sigma : 0.864604115486145 | done : False
episode : 36 | score_avg : -102.0000843563526 | loss : 1.3104736804962158 | sigma : 0.8663302659988403 | done : False
episode : 37 | score_avg : -111.90007592071734 | loss : 0.49931517243385315 | sigma : 0.8639936447143555 | done : False
episode : 38 | score_avg : -120.8100683286456 | loss : 0.2453511506319046 | sigma : 0.8567837476730347 | done : False
episode : 39 | score_avg : -128.82906149578105 | loss : 0.4590460956096649 | sigma : 0.8561680912971497 | done : False
episode : 40 | score_avg : -136.04615534620294 | loss : 0.4086342751979828 | sigma : 0.8333074450492859 | done : False
episode : 41 | score_avg : -121.44153981158264 | loss : 967.111328125 | sigma : 0.8273509740829468 | done : True
episode : 42 | score_avg : -127.14738583042438 | loss : 0.44629693031311035 | sigma : 0.8201493620872498 | done : False
episode : 43 | score_avg : -131.53264724738196 | loss : 0.19971948862075806 | sigma : 0.7813187837600708 | done : False
episode : 44 | score_avg : -117.37938252264377 | loss : 244.75059509277344 | sigma : 0.7788311243057251 | done : True
episode : 45 | score_avg : -125.2914442703794 | loss : 0.030821653082966805 | sigma : 0.7846884727478027 | done : False
episode : 46 | score_avg : -132.86229984334148 | loss : 0.39825204014778137 | sigma : 0.7857649326324463 | done : False
episode : 47 | score_avg : -139.67606985900733 | loss : 0.043749164789915085 | sigma : 0.7686556577682495 | done : False
episode : 48 | score_avg : -140.0584628731066 | loss : 0.3743320405483246 | sigma : 0.7471542954444885 | done : False
episode : 49 | score_avg : -144.80261658579593 | loss : 0.12976939976215363 | sigma : 0.7214243412017822 | done : False
episode : 50 | score_avg : -142.27235492721633 | loss : 0.7038995623588562 | sigma : 0.7160492539405823 | done : False
episode : 51 | score_avg : -148.1451194344947 | loss : -0.002354862866923213 | sigma : 0.7079451680183411 | done : False
episode : 52 | score_avg : -153.4306074910452 | loss : 0.11854105442762375 | sigma : 0.7183319926261902 | done : False
episode : 53 | score_avg : -157.1375467419407 | loss : 0.058263104408979416 | sigma : 0.7315590381622314 | done : False
episode : 54 | score_avg : -161.07379206774664 | loss : 0.026035986840724945 | sigma : 0.74885493516922 | done : False
episode : 55 | score_avg : -165.06641286097198 | loss : -0.003347287653014064 | sigma : 0.7814621329307556 | done : False
episode : 56 | score_avg : -166.7097715748748 | loss : 0.14416919648647308 | sigma : 0.8155525326728821 | done : False
episode : 57 | score_avg : -169.98879441738734 | loss : 0.0066233747638762 | sigma : 0.8454184532165527 | done : False
episode : 58 | score_avg : -173.0899149756486 | loss : -0.003322457894682884 | sigma : 0.889991283416748 | done : False
episode : 59 | score_avg : -175.88092347808376 | loss : -0.004682427737861872 | sigma : 0.9565731883049011 | done : False
episode : 60 | score_avg : -178.39283113027537 | loss : -0.005268402863293886 | sigma : 1.0381639003753662 | done : False
episode : 61 | score_avg : -177.90354801724783 | loss : 0.12021075934171677 | sigma : 1.1003901958465576 | done : False
episode : 62 | score_avg : -180.21319321552303 | loss : -0.005254247225821018 | sigma : 1.190007209777832 | done : False
episode : 63 | score_avg : -180.94187389397072 | loss : 0.09644102305173874 | sigma : 1.3087784051895142 | done : False
episode : 64 | score_avg : -182.19768650457365 | loss : 0.045744508504867554 | sigma : 1.4086374044418335 | done : False
episode : 65 | score_avg : -182.8779178541163 | loss : 0.08325712382793427 | sigma : 1.5556150674819946 | done : False
episode : 66 | score_avg : -183.7901260687047 | loss : 0.06255684047937393 | sigma : 1.7432849407196045 | done : False
episode : 67 | score_avg : -185.5111134618342 | loss : -0.010394486598670483 | sigma : 1.9362300634384155 | done : False
episode : 68 | score_avg : -187.0600021156508 | loss : -0.010679595172405243 | sigma : 2.1921818256378174 | done : False
episode : 69 | score_avg : -188.00400190408573 | loss : 0.0206132922321558 | sigma : 2.5092673301696777 | done : False
episode : 70 | score_avg : -186.25360171367717 | loss : 0.23437702655792236 | sigma : 2.757894992828369 | done : False
episode : 71 | score_avg : -187.72824154230946 | loss : -0.014874565415084362 | sigma : 3.1492998600006104 | done : False
episode : 72 | score_avg : -189.05541738807852 | loss : -0.017190566286444664 | sigma : 3.5567703247070312 | done : False
episode : 73 | score_avg : -190.24987564927068 | loss : -0.019007589668035507 | sigma : 3.9371256828308105 | done : False
episode : 74 | score_avg : -190.7248880843436 | loss : 0.026087190955877304 | sigma : 4.426070213317871 | done : False
episode : 75 | score_avg : -191.75239927590926 | loss : -0.02094883657991886 | sigma : 5.209181308746338 | done : False
episode : 76 | score_avg : -191.02715934831832 | loss : 0.09844154864549637 | sigma : 6.046884536743164 | done : False
episode : 77 | score_avg : -191.2744434134865 | loss : 0.031894419342279434 | sigma : 7.294510841369629 | done : False
episode : 78 | score_avg : -188.34699907213783 | loss : 0.2581850290298462 | sigma : 8.530229568481445 | done : False
episode : 79 | score_avg : -187.81229916492407 | loss : 0.10838443040847778 | sigma : 10.27457332611084 | done : False
episode : 80 | score_avg : -187.78106924843166 | loss : 0.06979821622371674 | sigma : 12.619789123535156 | done : False
episode : 81 | score_avg : -189.10296232358849 | loss : -0.03651280701160431 | sigma : 15.86690616607666 | done : False
episode : 82 | score_avg : -188.94266609122965 | loss : 0.060818396508693695 | sigma : 19.87853240966797 | done : False
episode : 83 | score_avg : -190.1483994821067 | loss : -0.04513293504714966 | sigma : 25.862707138061523 | done : False
episode : 84 | score_avg : -191.08355953389605 | loss : -0.03873584046959877 | sigma : 33.494319915771484 | done : False
episode : 85 | score_avg : -186.07520358050644 | loss : 0.37465208768844604 | sigma : 39.89543914794922 | done : False
episode : 86 | score_avg : -187.26768322245582 | loss : -0.03594669699668884 | sigma : 48.375911712646484 | done : False
episode : 87 | score_avg : -188.4909149002102 | loss : -0.04765879735350609 | sigma : 50.0 | done : False
episode : 88 | score_avg : -170.5418234101892 | loss : 11.709341049194336 | sigma : 50.0 | done : True
episode : 89 | score_avg : -167.1376410691703 | loss : 0.7658078074455261 | sigma : 50.0 | done : False
episode : 90 | score_avg : -170.52387696225327 | loss : -0.048608843237161636 | sigma : 50.0 | done : False
episode : 91 | score_avg : -173.57148926602795 | loss : -0.059315357357263565 | sigma : 50.0 | done : False
episode : 92 | score_avg : -176.31434033942514 | loss : -0.05944722145795822 | sigma : 50.0 | done : False
episode : 93 | score_avg : -178.78290630548264 | loss : -0.059876371175050735 | sigma : 50.0 | done : False
episode : 94 | score_avg : -181.00461567493437 | loss : -0.05993681773543358 | sigma : 50.0 | done : False
episode : 95 | score_avg : -182.70415410744096 | loss : -0.04045078903436661 | sigma : 50.0 | done : False
episode : 96 | score_avg : -184.53373869669687 | loss : -0.059483855962753296 | sigma : 50.0 | done : False
episode : 97 | score_avg : -184.53036482702717 | loss : 0.054382335394620895 | sigma : 50.0 | done : False
episode : 98 | score_avg : -184.52732834432445 | loss : 0.047592248767614365 | sigma : 50.0 | done : False
episode : 99 | score_avg : -186.174595509892 | loss : -0.06033720821142197 | sigma : 50.0 | done : False
episode : 100 | score_avg : -185.25713595890278 | loss : 0.1156274601817131 | sigma : 50.0 | done : False
episode : 101 | score_avg : -186.8314223630125 | loss : -0.0627102330327034 | sigma : 50.0 | done : False
episode : 102 | score_avg : -188.24828012671125 | loss : -0.0651543065905571 | sigma : 50.0 | done : False
episode : 103 | score_avg : -187.6234521140401 | loss : 0.08377934992313385 | sigma : 50.0 | done : False
episode : 104 | score_avg : -187.31110690263608 | loss : 0.050380006432533264 | sigma : 50.0 | done : False
episode : 105 | score_avg : -188.6799962123725 | loss : -0.07977361232042313 | sigma : 50.0 | done : False
episode : 106 | score_avg : -172.21199659113526 | loss : 1.8594647645950317 | sigma : 50.0 | done : True
episode : 107 | score_avg : -154.79079693202175 | loss : 3.0120351314544678 | sigma : 50.0 | done : True
episode : 108 | score_avg : -138.41171723881956 | loss : 3.291875123977661 | sigma : 50.0 | done : True
episode : 109 | score_avg : -144.6705455149376 | loss : -0.08884915709495544 | sigma : 50.0 | done : False
episode : 110 | score_avg : -131.40349096344383 | loss : 2.4170444011688232 | sigma : 50.0 | done : True
episode : 111 | score_avg : -137.76314186709945 | loss : -0.07333534955978394 | sigma : 50.0 | done : False
episode : 112 | score_avg : -144.08682768038952 | loss : -0.12536093592643738 | sigma : 50.0 | done : False
episode : 113 | score_avg : -127.07814491235058 | loss : 4.9630255699157715 | sigma : 50.0 | done : True
episode : 114 | score_avg : -110.07033042111553 | loss : 29.749980926513672 | sigma : 50.0 | done : True
episode : 115 | score_avg : -98.86329737900398 | loss : 52.29605484008789 | sigma : 50.0 | done : True
episode : 116 | score_avg : -107.47696764110358 | loss : 69.99097442626953 | sigma : 50.0 | done : False
episode : 117 | score_avg : -95.97927087699323 | loss : 29.267656326293945 | sigma : 50.0 | done : True
episode : 118 | score_avg : -82.03134378929391 | loss : 41.49163055419922 | sigma : 50.0 | done : True
episode : 119 | score_avg : -71.27820941036452 | loss : 7.138227939605713 | sigma : 50.0 | done : True
episode : 120 | score_avg : -62.950388469328075 | loss : 124.6184310913086 | sigma : 50.0 | done : True
episode : 121 | score_avg : -53.85534962239527 | loss : 106.97021484375 | sigma : 50.0 | done : True
episode : 122 | score_avg : -65.56981466015574 | loss : 1.1053190231323242 | sigma : 50.0 | done : False
episode : 123 | score_avg : -58.66283319414017 | loss : 59.242454528808594 | sigma : 50.0 | done : True
episode : 124 | score_avg : -47.996549874726156 | loss : 14.65121841430664 | sigma : 50.0 | done : True
episode : 125 | score_avg : -40.59689488725354 | loss : 26.748065948486328 | sigma : 50.0 | done : True
episode : 126 | score_avg : -36.38720539852819 | loss : 11.513272285461426 | sigma : 50.0 | done : True
episode : 127 | score_avg : -52.84848485867537 | loss : 0.1589050143957138 | sigma : 50.0 | done : False
episode : 128 | score_avg : -55.463636372807834 | loss : 11.620128631591797 | sigma : 50.0 | done : True
episode : 129 | score_avg : -55.01727273552705 | loss : 15.837979316711426 | sigma : 50.0 | done : True
episode : 130 | score_avg : -51.065545461974345 | loss : 4.387284755706787 | sigma : 50.0 | done : True
episode : 131 | score_avg : -44.85899091577691 | loss : 1941.9620361328125 | sigma : 50.0 | done : True
episode : 132 | score_avg : -53.873091824199214 | loss : 0.35443058609962463 | sigma : 50.0 | done : False
episode : 133 | score_avg : -46.085782641779296 | loss : 25.49858856201172 | sigma : 50.0 | done : True
episode : 134 | score_avg : -61.42720437760137 | loss : -0.047546520829200745 | sigma : 50.0 | done : False
episode : 135 | score_avg : -69.68448393984124 | loss : 0.36257243156433105 | sigma : 50.0 | done : False
episode : 136 | score_avg : -80.41603554585711 | loss : 0.11956322193145752 | sigma : 50.0 | done : False
episode : 137 | score_avg : -73.62443199127141 | loss : 18.046470642089844 | sigma : 50.0 | done : True
episode : 138 | score_avg : -71.36198879214426 | loss : 1.0345144271850586 | sigma : 50.0 | done : False
episode : 139 | score_avg : -84.32578991292985 | loss : -0.059327106922864914 | sigma : 50.0 | done : False
episode : 140 | score_avg : -95.99321092163686 | loss : -0.06008099764585495 | sigma : 50.0 | done : False
episode : 141 | score_avg : -102.74388982947318 | loss : 0.21743929386138916 | sigma : 50.0 | done : False
episode : 142 | score_avg : -109.11950084652587 | loss : 0.19379979372024536 | sigma : 50.0 | done : False
episode : 143 | score_avg : -118.30755076187327 | loss : -0.06597182899713516 | sigma : 50.0 | done : False
episode : 144 | score_avg : -125.82679568568594 | loss : -0.015493940562009811 | sigma : 50.0 | done : False
episode : 145 | score_avg : -133.34411611711735 | loss : -0.07991574704647064 | sigma : 50.0 | done : False
episode : 146 | score_avg : -138.1597045054056 | loss : 0.6416522860527039 | sigma : 50.0 | done : False
episode : 147 | score_avg : -144.44373405486505 | loss : -0.08060242980718613 | sigma : 50.0 | done : False
episode : 148 | score_avg : -149.49936064937856 | loss : -0.023281030356884003 | sigma : 50.0 | done : False
episode : 149 | score_avg : -152.09942458444073 | loss : 0.12961015105247498 | sigma : 50.0 | done : False
episode : 150 | score_avg : -156.98948212599666 | loss : -0.060316357761621475 | sigma : 50.0 | done : False
episode : 151 | score_avg : -161.39053391339698 | loss : -0.06102816388010979 | sigma : 50.0 | done : False
episode : 152 | score_avg : -152.75148052205728 | loss : 0.8741848468780518 | sigma : 50.0 | done : False
episode : 153 | score_avg : -157.57633246985154 | loss : -0.11449677497148514 | sigma : 50.0 | done : False
episode : 154 | score_avg : -160.5186992228664 | loss : 0.07916981726884842 | sigma : 50.0 | done : False
episode : 155 | score_avg : -164.56682930057974 | loss : -0.058961834758520126 | sigma : 50.0 | done : False
episode : 156 | score_avg : -163.41014637052177 | loss : 0.29373499751091003 | sigma : 50.0 | done : False
episode : 157 | score_avg : -145.8691317334696 | loss : 2278.188232421875 | sigma : 50.0 | done : True
episode : 158 | score_avg : -151.38221856012265 | loss : -0.05893680825829506 | sigma : 50.0 | done : False
episode : 159 | score_avg : -156.3439967041104 | loss : -0.05913393944501877 | sigma : 50.0 | done : False
episode : 160 | score_avg : -160.80959703369936 | loss : -0.059262245893478394 | sigma : 50.0 | done : False
episode : 161 | score_avg : -164.52863733032945 | loss : -0.16434943675994873 | sigma : 50.0 | done : False
episode : 162 | score_avg : -167.72577359729652 | loss : -0.02605358697474003 | sigma : 50.0 | done : False
episode : 163 | score_avg : -149.3531962375669 | loss : 589.1328735351562 | sigma : 50.0 | done : True
episode : 164 | score_avg : -132.61787661381018 | loss : 271.68212890625 | sigma : 50.0 | done : True
episode : 165 | score_avg : -139.45608895242916 | loss : -0.24081310629844666 | sigma : 50.0 | done : False
episode : 166 | score_avg : -145.61048005718624 | loss : -0.30260327458381653 | sigma : 50.0 | done : False
episode : 167 | score_avg : -151.1494320514676 | loss : -0.3698943853378296 | sigma : 50.0 | done : False
episode : 168 | score_avg : -156.13448884632086 | loss : -0.046897243708372116 | sigma : 50.0 | done : False
episode : 169 | score_avg : -148.1710399616888 | loss : 0.8152036666870117 | sigma : 50.0 | done : False
episode : 170 | score_avg : -132.00393596551993 | loss : 1040.1766357421875 | sigma : 50.0 | done : True
episode : 171 | score_avg : -138.90354236896795 | loss : -0.05890020355582237 | sigma : 50.0 | done : False
episode : 172 | score_avg : -143.76318813207115 | loss : 0.04178228601813316 | sigma : 50.0 | done : False
episode : 173 | score_avg : -131.13686931886403 | loss : 1.278261661529541 | sigma : 50.0 | done : False
episode : 174 | score_avg : -138.12318238697762 | loss : -0.452405720949173 | sigma : 50.0 | done : False
episode : 175 | score_avg : -143.81086414827985 | loss : -0.5167933106422424 | sigma : 50.0 | done : False
episode : 176 | score_avg : -149.52977773345185 | loss : -0.6786441802978516 | sigma : 50.0 | done : False
episode : 177 | score_avg : -154.67679996010668 | loss : -0.8034746646881104 | sigma : 50.0 | done : False
episode : 178 | score_avg : -159.309119964096 | loss : -0.9378464221954346 | sigma : 50.0 | done : False
episode : 179 | score_avg : -162.7282079676864 | loss : -1.0085448026657104 | sigma : 50.0 | done : False
episode : 180 | score_avg : -164.60538717091777 | loss : 0.07720638066530228 | sigma : 50.0 | done : False
episode : 181 | score_avg : -168.244848453826 | loss : -0.05950105935335159 | sigma : 50.0 | done : False
episode : 182 | score_avg : -171.5203636084434 | loss : -0.05980055034160614 | sigma : 50.0 | done : False
episode : 183 | score_avg : -172.36832724759907 | loss : 0.0961594432592392 | sigma : 50.0 | done : False
episode : 184 | score_avg : -172.83149452283917 | loss : 0.11809711903333664 | sigma : 50.0 | done : False
episode : 185 | score_avg : -174.74834507055527 | loss : 0.007254669442772865 | sigma : 50.0 | done : False
episode : 186 | score_avg : -177.37351056349974 | loss : -0.059863682836294174 | sigma : 50.0 | done : False
episode : 187 | score_avg : -179.73615950714975 | loss : -0.060015663504600525 | sigma : 50.0 | done : False
episode : 188 | score_avg : -177.96254355643478 | loss : 0.2268817126750946 | sigma : 50.0 | done : False
episode : 189 | score_avg : -179.5162892007913 | loss : -1.2098209857940674 | sigma : 50.0 | done : False
episode : 190 | score_avg : -180.4646602807122 | loss : -1.290712833404541 | sigma : 50.0 | done : False
episode : 191 | score_avg : -182.51819425264097 | loss : -0.06041576713323593 | sigma : 50.0 | done : False
episode : 192 | score_avg : -184.36637482737686 | loss : -0.060772854834795 | sigma : 50.0 | done : False
episode : 193 | score_avg : -186.02973734463916 | loss : -1.6548504829406738 | sigma : 50.0 | done : False
episode : 194 | score_avg : -186.47676361017525 | loss : -1.6093862056732178 | sigma : 50.0 | done : False
episode : 195 | score_avg : -187.62908724915775 | loss : -1.8969228267669678 | sigma : 50.0 | done : False
episode : 196 | score_avg : -188.816178524242 | loss : -2.1623778343200684 | sigma : 50.0 | done : False
episode : 197 | score_avg : -189.5845606718178 | loss : -0.023932021111249924 | sigma : 50.0 | done : False
episode : 198 | score_avg : -189.97610460463602 | loss : -2.3919010162353516 | sigma : 50.0 | done : False
episode : 199 | score_avg : -189.67849414417242 | loss : -2.536539077758789 | sigma : 50.0 | done : False
episode : 200 | score_avg : -169.4606447297552 | loss : 2336.747802734375 | sigma : 50.0 | done : True
episode : 201 | score_avg : -172.61458025677967 | loss : -3.0556299686431885 | sigma : 50.0 | done : False
episode : 202 | score_avg : -154.15312223110172 | loss : 494.7590026855469 | sigma : 50.0 | done : True
episode : 203 | score_avg : -158.53781000799157 | loss : -3.371778726577759 | sigma : 50.0 | done : False
episode : 204 | score_avg : -141.1840290071924 | loss : 692.711669921875 | sigma : 50.0 | done : True
episode : 205 | score_avg : -145.76562610647318 | loss : -3.6291189193725586 | sigma : 50.0 | done : False
episode : 206 | score_avg : -151.28906349582587 | loss : -4.12470817565918 | sigma : 50.0 | done : False
episode : 207 | score_avg : -156.26015714624327 | loss : -4.530198574066162 | sigma : 50.0 | done : False
episode : 208 | score_avg : -139.63414143161896 | loss : 17576.84375 | sigma : 50.0 | done : True
episode : 209 | score_avg : -145.77072728845707 | loss : -4.958861351013184 | sigma : 50.0 | done : False
episode : 210 | score_avg : -129.69365455961136 | loss : 1253.0123291015625 | sigma : 50.0 | done : True
episode : 211 | score_avg : -136.82428910365022 | loss : -5.413755416870117 | sigma : 50.0 | done : False
episode : 212 | score_avg : -122.1918601932852 | loss : 1193.9212646484375 | sigma : 50.0 | done : True
episode : 213 | score_avg : -108.37267417395668 | loss : 1596.5128173828125 | sigma : 50.0 | done : True
episode : 214 | score_avg : -117.63540675656103 | loss : -5.881434917449951 | sigma : 50.0 | done : False
episode : 215 | score_avg : -125.22186608090493 | loss : -6.325865745544434 | sigma : 50.0 | done : False
episode : 216 | score_avg : -132.79967947281443 | loss : 0.5425662994384766 | sigma : 50.0 | done : False
episode : 217 | score_avg : -139.619711525533 | loss : -6.737401962280273 | sigma : 50.0 | done : False
episode : 218 | score_avg : -145.7577403729797 | loss : -7.04539680480957 | sigma : 50.0 | done : False
episode : 219 | score_avg : -151.28196633568172 | loss : 0.610738217830658 | sigma : 50.0 | done : False
episode : 220 | score_avg : -155.50376970211354 | loss : -7.2918243408203125 | sigma : 50.0 | done : False
episode : 221 | score_avg : -158.8533927319022 | loss : -7.604520320892334 | sigma : 50.0 | done : False
episode : 222 | score_avg : -162.61805345871198 | loss : -8.137208938598633 | sigma : 50.0 | done : False
episode : 223 | score_avg : -166.0062481128408 | loss : -8.66061019897461 | sigma : 50.0 | done : False
episode : 224 | score_avg : -163.30562330155675 | loss : 2.1338295936584473 | sigma : 50.0 | done : False
episode : 225 | score_avg : -165.8750609714011 | loss : 0.75914466381073 | sigma : 50.0 | done : False
episode : 226 | score_avg : -167.587554874261 | loss : 0.3844574987888336 | sigma : 50.0 | done : False
episode : 227 | score_avg : -170.02879938683492 | loss : 0.12910766899585724 | sigma : 50.0 | done : False
episode : 228 | score_avg : -173.12591944815142 | loss : -8.441933631896973 | sigma : 50.0 | done : False
episode : 229 | score_avg : -175.9133275033363 | loss : -9.042820930480957 | sigma : 50.0 | done : False
episode : 230 | score_avg : -174.07199475300266 | loss : 1.050903558731079 | sigma : 50.0 | done : False
episode : 231 | score_avg : -167.4647952777024 | loss : 0.9383880496025085 | sigma : 50.0 | done : False
episode : 232 | score_avg : -170.36831574993215 | loss : -8.92014217376709 | sigma : 50.0 | done : False
episode : 233 | score_avg : -166.48148417493894 | loss : 0.9614763259887695 | sigma : 50.0 | done : False
episode : 234 | score_avg : -169.93333575744504 | loss : -9.26549243927002 | sigma : 50.0 | done : False
episode : 235 | score_avg : -173.04000218170054 | loss : -9.796460151672363 | sigma : 50.0 | done : False
episode : 236 | score_avg : -154.3360019635305 | loss : 5037.31396484375 | sigma : 50.0 | done : True
episode : 237 | score_avg : -159.00240176717745 | loss : -10.282476425170898 | sigma : 50.0 | done : False
episode : 238 | score_avg : -158.5521615904597 | loss : 0.8153485059738159 | sigma : 50.0 | done : False
episode : 239 | score_avg : -162.49694543141374 | loss : -10.423733711242676 | sigma : 50.0 | done : False
episode : 240 | score_avg : -166.34725088827236 | loss : -11.113533973693848 | sigma : 50.0 | done : False
episode : 241 | score_avg : -167.86252579944514 | loss : 0.3899790942668915 | sigma : 50.0 | done : False
episode : 242 | score_avg : -171.17627321950062 | loss : -0.05973134562373161 | sigma : 50.0 | done : False
episode : 243 | score_avg : -173.10864589755056 | loss : -11.348156929016113 | sigma : 50.0 | done : False
episode : 244 | score_avg : -175.8977813077955 | loss : -12.484374046325684 | sigma : 50.0 | done : False
episode : 245 | score_avg : -177.20800317701597 | loss : -13.189600944519043 | sigma : 50.0 | done : False
episode : 246 | score_avg : -179.58720285931437 | loss : 0.07940931618213654 | sigma : 50.0 | done : False
episode : 247 | score_avg : -181.72848257338293 | loss : -13.906463623046875 | sigma : 50.0 | done : False
episode : 248 | score_avg : -183.65563431604463 | loss : -0.016299914568662643 | sigma : 50.0 | done : False
episode : 249 | score_avg : -183.29007088444015 | loss : 0.10444072633981705 | sigma : 50.0 | done : False
episode : 250 | score_avg : -185.06106379599615 | loss : -14.628223419189453 | sigma : 50.0 | done : False
episode : 251 | score_avg : -185.75495741639656 | loss : -15.51734733581543 | sigma : 50.0 | done : False
episode : 252 | score_avg : -184.4294616747569 | loss : 0.31391680240631104 | sigma : 50.0 | done : False
episode : 253 | score_avg : -182.4865155072812 | loss : 0.20042608678340912 | sigma : 50.0 | done : False
episode : 254 | score_avg : -184.3378639565531 | loss : -0.06052510067820549 | sigma : 50.0 | done : False
episode : 255 | score_avg : -184.35407756089776 | loss : 0.06227380409836769 | sigma : 50.0 | done : False
