episode : 0 | score_avg : -484.5 | loss : 0.15374265611171722 | done : False
episode : 1 | score_avg : -496.15000000000003 | loss : 10.217391967773438 | done : False
episode : 2 | score_avg : -506.63500000000005 | loss : 10.30030345916748 | done : False
episode : 0 | score_avg : -601 | loss : 10.214071273803711 | done : False
episode : 0 | score_avg : -487.5 | loss : 0.13507622480392456 | done : False
episode : 1 | score_avg : -498.85 | loss : 10.138602256774902 | done : False
episode : 2 | score_avg : -509.06500000000005 | loss : 10.32050895690918 | done : False
episode : 3 | score_avg : -518.2585 | loss : 10.252615928649902 | done : False
episode : 0 | score_avg : -466.5 | loss : 0.17929676175117493 | done : False
episode : 1 | score_avg : -446.40000000000003 | loss : 0.20337750017642975 | done : False
episode : 2 | score_avg : -448.86000000000007 | loss : 0.254300057888031 | done : False
episode : 3 | score_avg : -464.07400000000007 | loss : 10.53919506072998 | done : False
episode : 4 | score_avg : -477.7666000000001 | loss : 10.380017280578613 | done : False
episode : 5 | score_avg : -424.8899400000001 | loss : 0.250733882188797 | done : False
episode : 0 | score_avg : -388.5 | loss : 0.148296058177948 | done : False
episode : 1 | score_avg : -360.90000000000003 | loss : 0.2244756519794464 | done : False
episode : 2 | score_avg : -344.61000000000007 | loss : 0.19377121329307556 | done : False
episode : 3 | score_avg : -288.2490000000001 | loss : 0.31263476610183716 | done : False
episode : 4 | score_avg : -246.67410000000007 | loss : 0.28803321719169617 | done : False
episode : 5 | score_avg : -201.45669000000007 | loss : 0.29925140738487244 | done : False
episode : 6 | score_avg : -160.96102100000007 | loss : 0.34884729981422424 | done : False
episode : 7 | score_avg : -121.61491890000008 | loss : 0.30655795335769653 | done : False
episode : 8 | score_avg : -87.10342701000008 | loss : 0.29640787839889526 | done : False
episode : 9 | score_avg : -66.24308430900007 | loss : 0.27765804529190063 | done : False
episode : 10 | score_avg : -45.818775878100055 | loss : 0.2763940989971161 | done : False
episode : 11 | score_avg : -18.73689829029005 | loss : 0.2459305375814438 | done : False
episode : 0 | score_avg : -601 | loss : 10.215529441833496 | done : False
episode : 1 | score_avg : -601.0 | loss : 10.038045883178711 | done : False
episode : 2 | score_avg : -588.0 | loss : 0.37478724122047424 | done : False
episode : 3 | score_avg : -589.3000000000001 | loss : 10.508455276489258 | done : False
episode : 4 | score_avg : -572.2200000000001 | loss : 0.207666277885437 | done : False
episode : 0 | score_avg : -601 | loss : 10.097743034362793 | done : False
episode : 1 | score_avg : -588.4499999999999 | loss : 0.11933468282222748 | done : False
episode : 2 | score_avg : -508.1549999999999 | loss : 0.22416996955871582 | done : False
episode : 3 | score_avg : -432.7394999999999 | loss : 0.10762597620487213 | done : False
episode : 4 | score_avg : -364.26554999999996 | loss : 3.7430672645568848 | done : False
episode : 5 | score_avg : -304.438995 | loss : 0.04797181487083435 | done : False
episode : 6 | score_avg : -288.6950955 | loss : 0.2877160608768463 | done : False
episode : 7 | score_avg : -240.47558595 | loss : 0.37114590406417847 | done : False
episode : 8 | score_avg : -192.428027355 | loss : 0.06029818579554558 | done : False
episode : 9 | score_avg : -148.1352246195 | loss : -0.025098545476794243 | done : False
episode : 10 | score_avg : -108.57170215755002 | loss : -0.04279451444745064 | done : False
episode : 11 | score_avg : -72.66453194179502 | loss : -0.05637570470571518 | done : False
episode : 12 | score_avg : -50.54807874761551 | loss : 1.0164095163345337 | done : False
episode : 0 | score_avg : -421.5 | loss : 0.03482408449053764 | done : False
episode : 1 | score_avg : -407.70000000000005 | loss : -0.04522883892059326 | done : False
episode : 2 | score_avg : -395.83000000000004 | loss : -0.03855343908071518 | done : False
episode : 3 | score_avg : -383.64700000000005 | loss : -0.0525084026157856 | done : False
episode : 4 | score_avg : -370.98230000000007 | loss : -0.05676383897662163 | done : False
episode : 5 | score_avg : -393.9840700000001 | loss : 10.157800674438477 | done : False
episode : 6 | score_avg : -414.6856630000001 | loss : 9.96155834197998 | done : False
episode : 7 | score_avg : -398.2670967000001 | loss : -0.026979606598615646 | done : False
episode : 8 | score_avg : -383.4903870300001 | loss : -0.05342403054237366 | done : False
episode : 9 | score_avg : -405.2413483270001 | loss : 10.01968002319336 | done : False
episode : 10 | score_avg : -391.0172134943001 | loss : 0.0686105340719223 | done : False
episode : 11 | score_avg : -398.6154921448701 | loss : -0.027496609836816788 | done : False
episode : 12 | score_avg : -408.1039429303831 | loss : -0.026302432641386986 | done : False
episode : 13 | score_avg : -427.3935486373448 | loss : 10.013657569885254 | done : False
episode : 14 | score_avg : -430.6541937736103 | loss : -0.022391363978385925 | done : False
episode : 15 | score_avg : -414.8387743962493 | loss : 0.005624936893582344 | done : False
episode : 16 | score_avg : -401.55489695662436 | loss : -0.026055965572595596 | done : False
episode : 17 | score_avg : -421.49940726096196 | loss : 10.021354675292969 | done : False
episode : 18 | score_avg : -416.34946653486577 | loss : 0.5539817810058594 | done : False
episode : 19 | score_avg : -416.0645198813792 | loss : 0.36448433995246887 | done : False
episode : 20 | score_avg : -418.35806789324135 | loss : 0.18128500878810883 | done : False
episode : 21 | score_avg : -436.62226110391725 | loss : 10.143354415893555 | done : False
episode : 22 | score_avg : -441.31003499352556 | loss : 1.065083384513855 | done : False
episode : 23 | score_avg : -440.779031494173 | loss : 1.419623851776123 | done : False
episode : 24 | score_avg : -445.80112834475574 | loss : 0.3676671087741852 | done : False
episode : 25 | score_avg : -450.42101551028014 | loss : 0.11307939887046814 | done : False
episode : 26 | score_avg : -454.97891395925217 | loss : 0.07661931216716766 | done : False
episode : 27 | score_avg : -454.68102256332696 | loss : 0.6892959475517273 | done : False
episode : 28 | score_avg : -456.51292030699426 | loss : 1.6620006561279297 | done : False
episode : 29 | score_avg : -470.96162827629485 | loss : 10.12800407409668 | done : False
episode : 30 | score_avg : -472.4154654486654 | loss : 0.7934701442718506 | done : False
episode : 31 | score_avg : -485.27391890379886 | loss : 10.115252494812012 | done : False
episode : 32 | score_avg : -496.846527013419 | loss : 10.064407348632812 | done : False
episode : 33 | score_avg : -507.2618743120771 | loss : 10.48422908782959 | done : False
episode : 34 | score_avg : -502.88568688086946 | loss : 1.9733480215072632 | done : False
episode : 35 | score_avg : -492.4971181927825 | loss : 5.006471633911133 | done : False
episode : 36 | score_avg : -503.3474063735043 | loss : 10.040762901306152 | done : False
episode : 37 | score_avg : -493.0626657361539 | loss : 0.4217262864112854 | done : False
episode : 38 | score_avg : -490.0063991625385 | loss : 0.0874132290482521 | done : False
episode : 39 | score_avg : -488.3057592462847 | loss : 1.2365649938583374 | done : False
episode : 40 | score_avg : -499.57518332165625 | loss : 9.999114990234375 | done : False
episode : 41 | score_avg : -477.36766498949066 | loss : 2.0348832607269287 | done : False
episode : 42 | score_avg : -478.5808984905416 | loss : -0.018056804314255714 | done : False
episode : 43 | score_avg : -490.8228086414875 | loss : 10.088018417358398 | done : False
episode : 44 | score_avg : -501.84052777733876 | loss : 10.509866714477539 | done : False
episode : 45 | score_avg : -494.0564749996049 | loss : 1.1475809812545776 | done : False
episode : 46 | score_avg : -492.80082749964447 | loss : 0.5012147426605225 | done : False
episode : 47 | score_avg : -448.57074474968005 | loss : 11.093961715698242 | done : True
episode : 48 | score_avg : -416.3136702747121 | loss : 8.793577194213867 | done : False
episode : 49 | score_avg : -403.1323032472409 | loss : 3.289689302444458 | done : False
episode : 50 | score_avg : -410.71907292251683 | loss : 0.18690168857574463 | done : False
episode : 51 | score_avg : -395.69716563026515 | loss : 1.3751972913742065 | done : False
episode : 52 | score_avg : -382.8774490672386 | loss : 0.33600547909736633 | done : False
episode : 53 | score_avg : -369.83970416051477 | loss : 1.1063053607940674 | done : False
episode : 54 | score_avg : -360.1057337444633 | loss : 0.12227333337068558 | done : False
episode : 55 | score_avg : -353.395160370017 | loss : 0.6449741125106812 | done : False
episode : 56 | score_avg : -344.6056443330153 | loss : 0.021138953045010567 | done : False
episode : 57 | score_avg : -336.9450798997138 | loss : 0.4953267574310303 | done : False
episode : 58 | score_avg : -334.5005719097424 | loss : 0.4090915024280548 | done : False
episode : 59 | score_avg : -329.1505147187682 | loss : 0.028762539848685265 | done : False
episode : 60 | score_avg : -344.8354632468914 | loss : 0.06496427208185196 | done : False
episode : 61 | score_avg : -357.8019169222022 | loss : 0.0759306401014328 | done : False
episode : 62 | score_avg : -367.521725229982 | loss : 0.624054491519928 | done : False
episode : 63 | score_avg : -378.6195527069838 | loss : 0.20346957445144653 | done : False
episode : 64 | score_avg : -367.7075974362854 | loss : 0.12733273208141327 | done : False
episode : 65 | score_avg : -330.63683769265685 | loss : 107.03995513916016 | done : True
episode : 66 | score_avg : -357.6731539233912 | loss : 10.040323257446289 | done : False
episode : 67 | score_avg : -348.4058385310521 | loss : 0.16638484597206116 | done : False
episode : 68 | score_avg : -339.3652546779469 | loss : 0.004336832091212273 | done : False
episode : 69 | score_avg : -354.1287292101522 | loss : 0.7121999859809875 | done : False
episode : 70 | score_avg : -368.41585628913697 | loss : -0.021376853808760643 | done : False
episode : 71 | score_avg : -361.3742706602233 | loss : 0.5784372091293335 | done : False
episode : 72 | score_avg : -353.536843594201 | loss : 0.38217443227767944 | done : False
episode : 73 | score_avg : -362.68315923478093 | loss : 0.110555499792099 | done : False
episode : 74 | score_avg : -354.21484331130284 | loss : 0.3983578085899353 | done : False
episode : 75 | score_avg : -345.29335898017257 | loss : -0.007175574544817209 | done : False
episode : 76 | score_avg : -337.51402308215535 | loss : -0.00984013918787241 | done : False
episode : 77 | score_avg : -329.1626207739398 | loss : -0.02189616672694683 | done : False
episode : 78 | score_avg : -324.9963586965458 | loss : 0.006073545198887587 | done : False
episode : 79 | score_avg : -318.74672282689124 | loss : 0.05666889250278473 | done : False
episode : 80 | score_avg : -313.17205054420214 | loss : 0.015762275084853172 | done : False
episode : 0 | score_avg : -487.5 | loss : 0.06239665672183037 | done : False
episode : 1 | score_avg : -498.85 | loss : 10.042774200439453 | done : False
episode : 2 | score_avg : -463.96500000000003 | loss : 0.2707231342792511 | done : False
episode : 3 | score_avg : -477.5185 | loss : 9.994625091552734 | done : False
episode : 4 | score_avg : -489.86665000000005 | loss : 10.02086353302002 | done : False
episode : 5 | score_avg : -490.37998500000003 | loss : -0.020730923861265182 | done : False
episode : 6 | score_avg : -488.5919865 | loss : 0.01096886582672596 | done : False
episode : 7 | score_avg : -467.48278785 | loss : 0.1130395159125328 | done : False
episode : 8 | score_avg : -480.8345090650001 | loss : 10.481072425842285 | done : False
episode : 9 | score_avg : -411.4510581585001 | loss : 0.1659890115261078 | done : False
episode : 10 | score_avg : -430.4059523426501 | loss : 10.040010452270508 | done : False
episode : 11 | score_avg : -447.4653571083851 | loss : 10.19333553314209 | done : False
episode : 12 | score_avg : -440.8188213975466 | loss : 0.20701341331005096 | done : False
episode : 13 | score_avg : -386.38693925779194 | loss : 0.37904372811317444 | done : False
episode : 14 | score_avg : -407.84824533201277 | loss : 10.088750839233398 | done : False
episode : 15 | score_avg : -342.3134207988115 | loss : 0.015000724233686924 | done : False
episode : 16 | score_avg : -283.03207871893034 | loss : 0.3132222592830658 | done : False
episode : 17 | score_avg : -229.6788708470373 | loss : 0.056554317474365234 | done : False
episode : 18 | score_avg : -266.8109837623336 | loss : 10.109981536865234 | done : False
episode : 19 | score_avg : -300.22988538610025 | loss : 10.199666976928711 | done : False
episode : 20 | score_avg : -319.85689684749025 | loss : 0.24013778567314148 | done : False
episode : 21 | score_avg : -267.4712071627413 | loss : 0.8363461494445801 | done : False
episode : 22 | score_avg : -300.82408644646716 | loss : 10.14515495300293 | done : False
episode : 23 | score_avg : -301.94167780182045 | loss : 0.20353759825229645 | done : False
episode : 0 | score_avg : 250.5 | loss : 0.20971494913101196 | done : False
episode : 1 | score_avg : 201.0 | loss : 0.07787957042455673 | done : False
episode : 2 | score_avg : 202.20000000000002 | loss : 0.05632482096552849 | done : False
episode : 3 | score_avg : 155.88000000000002 | loss : 0.17595195770263672 | done : False
episode : 4 | score_avg : 80.19200000000004 | loss : 10.069436073303223 | done : False
episode : 5 | score_avg : 61.37280000000004 | loss : 0.32914790511131287 | done : False
episode : 6 | score_avg : 56.885520000000035 | loss : 0.3112261891365051 | done : False
episode : 7 | score_avg : 74.44696800000003 | loss : 0.08046038448810577 | done : False
episode : 8 | score_avg : 92.05227120000002 | loss : -0.020153772085905075 | done : False
episode : 9 | score_avg : 100.84704408000002 | loss : 0.12779663503170013 | done : False
episode : 10 | score_avg : 114.76233967200002 | loss : -0.033078987151384354 | done : False
episode : 11 | score_avg : 128.03610570480004 | loss : -0.040984828025102615 | done : False
episode : 12 | score_avg : 140.28249513432004 | loss : -0.04635171219706535 | done : False
episode : 13 | score_avg : 151.30424562088805 | loss : -0.043450623750686646 | done : False
episode : 14 | score_avg : 76.07382105879927 | loss : 10.231551170349121 | done : False
episode : 15 | score_avg : 86.31643895291936 | loss : 2.3902201652526855 | done : False
episode : 16 | score_avg : 51.584795057627424 | loss : 2.1541028022766113 | done : False
episode : 17 | score_avg : 65.02631555186468 | loss : 0.057489823549985886 | done : False
episode : 18 | score_avg : 75.62368399667821 | loss : 0.12907592952251434 | done : False
episode : 19 | score_avg : 87.2613155970104 | loss : 0.6956148743629456 | done : False
episode : 20 | score_avg : 103.58518403730936 | loss : -0.020394837483763695 | done : False
episode : 21 | score_avg : 117.37666563357843 | loss : 0.19307288527488708 | done : False
episode : 22 | score_avg : 130.6889990702206 | loss : -0.03964879736304283 | done : False
episode : 23 | score_avg : 141.77009916319855 | loss : -0.02260751836001873 | done : False
episode : 24 | score_avg : 149.9430892468787 | loss : 0.006619550287723541 | done : False
episode : 25 | score_avg : 157.59878032219086 | loss : 4.421070480020717e-05 | done : False
episode : 26 | score_avg : 165.08890228997177 | loss : 0.3829195201396942 | done : False
episode : 27 | score_avg : 173.63001206097462 | loss : -0.027002690359950066 | done : False
episode : 28 | score_avg : 180.86701085487715 | loss : -0.0188505407422781 | done : False
episode : 29 | score_avg : 187.83030976938946 | loss : -0.02568782866001129 | done : False
episode : 30 | score_avg : 193.04727879245053 | loss : -0.0027542547322809696 | done : False
episode : 31 | score_avg : 198.7925509132055 | loss : -0.021707767620682716 | done : False
episode : 32 | score_avg : 203.96329582188497 | loss : -0.01676851138472557 | done : False
episode : 33 | score_avg : 207.7169662396965 | loss : 0.005129370838403702 | done : False
episode : 34 | score_avg : 210.34526961572686 | loss : -0.010219377465546131 | done : False
episode : 35 | score_avg : 210.01074265415417 | loss : 0.5254119038581848 | done : False
episode : 36 | score_avg : 213.75966838873876 | loss : -0.00885639525949955 | done : False
episode : 37 | score_avg : 215.4837015498649 | loss : 0.3478926122188568 | done : False
episode : 38 | score_avg : 211.7853313948784 | loss : 0.13540861010551453 | done : False
episode : 39 | score_avg : 214.30679825539056 | loss : 0.010733562521636486 | done : False
episode : 40 | score_avg : 217.02611842985152 | loss : -0.027361109852790833 | done : False
episode : 41 | score_avg : 214.8235065868664 | loss : 0.30490556359291077 | done : False
episode : 42 | score_avg : 216.74115592817975 | loss : -0.009712948463857174 | done : False
episode : 43 | score_avg : 217.8670403353618 | loss : -0.004137882497161627 | done : False
episode : 44 | score_avg : 219.3303363018256 | loss : 0.006040325853973627 | done : False
episode : 45 | score_avg : 221.69730267164306 | loss : -0.03154435753822327 | done : False
episode : 46 | score_avg : 224.57757240447876 | loss : -0.016144538298249245 | done : False
episode : 47 | score_avg : 185.31981516403087 | loss : 1.1153275966644287 | done : False
episode : 48 | score_avg : 187.1878336476278 | loss : 0.2034081071615219 | done : False
episode : 49 | score_avg : 193.51905028286504 | loss : -0.003042233409360051 | done : False
episode : 50 | score_avg : 199.21714525457855 | loss : -0.007754040881991386 | done : False
episode : 51 | score_avg : 199.84543072912072 | loss : 0.049697380512952805 | done : False
episode : 52 | score_avg : 203.41088765620867 | loss : 0.0029355832375586033 | done : False
episode : 53 | score_avg : 208.11979889058782 | loss : -0.03272050991654396 | done : False
episode : 54 | score_avg : 209.80781900152903 | loss : 0.058572765439748764 | done : False
episode : 55 | score_avg : 202.92703710137613 | loss : 0.28560855984687805 | done : False
episode : 56 | score_avg : 207.68433339123854 | loss : -0.01755121909081936 | done : False
episode : 57 | score_avg : 209.7159000521147 | loss : 0.025365758687257767 | done : False
episode : 58 | score_avg : 212.59431004690325 | loss : 0.0031248575542122126 | done : False
episode : 59 | score_avg : 216.38487904221293 | loss : 0.00015188405814114958 | done : False
episode : 60 | score_avg : 219.79639113799166 | loss : -0.0036560525186359882 | done : False
episode : 61 | score_avg : 222.86675202419252 | loss : -0.010857454501092434 | done : False
episode : 62 | score_avg : 140.48007682177328 | loss : 10.509466171264648 | done : False
episode : 63 | score_avg : 151.48206913959595 | loss : 0.10718141496181488 | done : False
episode : 64 | score_avg : 161.38386222563636 | loss : -0.014102357439696789 | done : False
episode : 65 | score_avg : 85.14547600307273 | loss : 10.234421730041504 | done : False
episode : 66 | score_avg : 89.23092840276547 | loss : 0.2940353453159332 | done : False
episode : 67 | score_avg : 20.20783556248893 | loss : 10.572306632995605 | done : False
episode : 68 | score_avg : 43.237052006240035 | loss : 0.4899566173553467 | done : False
episode : 69 | score_avg : 45.66334680561603 | loss : 0.20206783711910248 | done : False
episode : 70 | score_avg : 66.14701212505443 | loss : 0.0072469948790967464 | done : False
episode : 71 | score_avg : 84.58231091254899 | loss : -0.008096308447420597 | done : False
episode : 72 | score_avg : 65.47407982129408 | loss : 0.528633177280426 | done : False
episode : 73 | score_avg : 64.02667183916468 | loss : 4.024148941040039 | done : False
episode : 74 | score_avg : -2.4759953447517873 | loss : 10.378242492675781 | done : False
episode : 75 | score_avg : 9.321604189723391 | loss : 0.4898861348628998 | done : False
episode : 76 | score_avg : 32.08944377075105 | loss : 0.33623841404914856 | done : False
episode : 77 | score_avg : 53.930499393675944 | loss : -0.04078085720539093 | done : False
episode : 78 | score_avg : 71.93744945430835 | loss : 1.0072165727615356 | done : False
episode : 79 | score_avg : 82.44370450887752 | loss : 0.08898515999317169 | done : False
episode : 80 | score_avg : 96.69933405798977 | loss : 0.8029230833053589 | done : False
episode : 81 | score_avg : 112.0794006521908 | loss : 0.004274738486856222 | done : False
episode : 82 | score_avg : 123.97146058697172 | loss : 0.0068992730230093 | done : False
episode : 83 | score_avg : 135.12431452827454 | loss : -0.007889707572758198 | done : False
episode : 84 | score_avg : 145.9118830754471 | loss : -0.016916217282414436 | done : False
episode : 85 | score_avg : 153.5206947679024 | loss : 0.011047620326280594 | done : False
episode : 86 | score_avg : 78.06862529111217 | loss : 10.173807144165039 | done : False
episode : 87 | score_avg : 24.21176276200095 | loss : 0.055380333214998245 | done : False
episode : 88 | score_avg : -38.30941351419914 | loss : 9.95471477508545 | done : False
episode : 89 | score_avg : -67.02847216277922 | loss : 0.5402241349220276 | done : False
episode : 90 | score_avg : -120.4256249465013 | loss : 9.97456169128418 | done : False
episode : 91 | score_avg : -155.48306245185117 | loss : 0.06803754717111588 | done : False
episode : 92 | score_avg : -176.53475620666606 | loss : 0.40886810421943665 | done : False
episode : 93 | score_avg : -133.83128058599945 | loss : 0.4876002371311188 | done : False
episode : 94 | score_avg : -167.24815252739953 | loss : 0.030818229541182518 | done : False
episode : 95 | score_avg : -198.37333727465958 | loss : 0.11871460825204849 | done : False
episode : 96 | score_avg : -153.93600354719362 | loss : 0.1945744752883911 | done : False
episode : 97 | score_avg : -114.09240319247426 | loss : 1.161305546760559 | done : False
episode : 98 | score_avg : -77.93316287322683 | loss : 0.01599271595478058 | done : False
episode : 99 | score_avg : -46.589846585904155 | loss : 0.11113689094781876 | done : False
episode : 100 | score_avg : -17.33086192731374 | loss : 0.06898140907287598 | done : False
episode : 101 | score_avg : 9.302224265417635 | loss : -0.014634523540735245 | done : False
episode : 102 | score_avg : 32.972001838875876 | loss : 0.10067979991436005 | done : False
episode : 103 | score_avg : 50.97480165498829 | loss : 0.043990474194288254 | done : False
episode : 104 | score_avg : 67.92732148948946 | loss : 0.014065341092646122 | done : False
episode : 105 | score_avg : 84.23458934054051 | loss : 0.09459340572357178 | done : False
episode : 106 | score_avg : 99.36113040648645 | loss : -0.020677385851740837 | done : False
episode : 107 | score_avg : 114.32501736583781 | loss : -0.033179786056280136 | done : False
episode : 108 | score_avg : 118.79251562925404 | loss : 1.4898712635040283 | done : False
episode : 109 | score_avg : 131.96326406632863 | loss : -0.052613794803619385 | done : False
episode : 110 | score_avg : 139.91693765969578 | loss : 0.0490400493144989 | done : False
episode : 111 | score_avg : 145.8752438937262 | loss : 0.011119098402559757 | done : False
episode : 112 | score_avg : 156.3377195043536 | loss : -0.030883274972438812 | done : False
episode : 113 | score_avg : 163.80394755391825 | loss : 0.015779847279191017 | done : False
episode : 114 | score_avg : 172.47355279852644 | loss : -0.024404142051935196 | done : False
episode : 115 | score_avg : 172.77619751867383 | loss : 0.1313568651676178 | done : False
episode : 116 | score_avg : 179.79857776680646 | loss : -0.010008830577135086 | done : False
episode : 117 | score_avg : 186.86871999012584 | loss : 0.0049218484200537205 | done : False
episode : 118 | score_avg : 192.03184799111327 | loss : 0.1366254836320877 | done : False
episode : 119 | score_avg : 189.17866319200195 | loss : 0.45162612199783325 | done : False
episode : 120 | score_avg : 190.66079687280177 | loss : 0.034775882959365845 | done : False
episode : 121 | score_avg : 194.6947171855216 | loss : -0.02599073201417923 | done : False
episode : 122 | score_avg : 191.72524546696945 | loss : 0.0755828469991684 | done : False
episode : 123 | score_avg : 180.05272092027252 | loss : 0.23186324536800385 | done : False
episode : 124 | score_avg : 184.69744882824529 | loss : 0.023228662088513374 | done : False
episode : 125 | score_avg : 167.12770394542076 | loss : 0.2729504406452179 | done : False
episode : 126 | score_avg : 174.26493355087868 | loss : 0.05747257173061371 | done : False
episode : 127 | score_avg : 180.38844019579082 | loss : 0.006553642451763153 | done : False
episode : 128 | score_avg : 186.79959617621176 | loss : -0.01868760958313942 | done : False
episode : 129 | score_avg : 192.4196365585906 | loss : 0.015249214135110378 | done : False
episode : 130 | score_avg : 179.47767290273157 | loss : 0.20426198840141296 | done : False
episode : 131 | score_avg : 175.6299056124584 | loss : 0.1317993402481079 | done : False
episode : 132 | score_avg : 183.11691505121257 | loss : 0.03928058221936226 | done : False
episode : 133 | score_avg : 178.90522354609132 | loss : 0.09465667605400085 | done : False
episode : 134 | score_avg : 176.31470119148221 | loss : 0.09713069349527359 | done : False
episode : 135 | score_avg : 183.733231072334 | loss : -0.0009060234297066927 | done : False
episode : 136 | score_avg : 190.2599079651006 | loss : -0.02190180867910385 | done : False
episode : 137 | score_avg : 191.93391716859054 | loss : 0.052237484604120255 | done : False
episode : 138 | score_avg : 197.6405254517315 | loss : -0.022995028644800186 | done : False
episode : 139 | score_avg : 198.87647290655835 | loss : 0.05307696759700775 | done : False
episode : 140 | score_avg : 148.38882561590253 | loss : 0.06762372702360153 | done : False
episode : 141 | score_avg : 158.14994305431227 | loss : -0.01872437447309494 | done : False
episode : 142 | score_avg : 82.23494874888107 | loss : 10.284309387207031 | done : False
episode : 143 | score_avg : 96.66145387399297 | loss : 0.5576744675636292 | done : False
episode : 144 | score_avg : 99.14530848659368 | loss : 0.8131504058837891 | done : False
episode : 145 | score_avg : 112.0307776379343 | loss : 0.21531404554843903 | done : False
episode : 146 | score_avg : 125.87769987414087 | loss : -0.017811963334679604 | done : False
episode : 147 | score_avg : 133.0899298867268 | loss : 0.502016007900238 | done : False
episode : 148 | score_avg : 142.88093689805413 | loss : 0.06967582553625107 | done : False
episode : 149 | score_avg : 151.24284320824873 | loss : 0.037602320313453674 | done : False
episode : 150 | score_avg : 161.16855888742387 | loss : 0.08859725296497345 | done : False
episode : 151 | score_avg : 160.3517029986815 | loss : 0.1075592190027237 | done : False
episode : 152 | score_avg : 158.26653269881334 | loss : 0.09407944977283478 | done : False
episode : 153 | score_avg : 167.18987942893202 | loss : -0.0320759154856205 | done : False
episode : 154 | score_avg : 171.62089148603883 | loss : 0.09936929494142532 | done : False
episode : 155 | score_avg : 178.30880233743494 | loss : 0.23400945961475372 | done : False
episode : 156 | score_avg : 185.52792210369145 | loss : 0.024504253640770912 | done : False
episode : 157 | score_avg : 186.92512989332232 | loss : 0.11061609536409378 | done : False
episode : 158 | score_avg : 190.7326169039901 | loss : 0.1429566740989685 | done : False
episode : 159 | score_avg : 196.70935521359112 | loss : 0.02832956612110138 | done : False
episode : 160 | score_avg : 198.48841969223201 | loss : 0.09616150707006454 | done : False
episode : 161 | score_avg : 201.7395777230088 | loss : 0.014434648677706718 | done : False
episode : 162 | score_avg : 206.61561995070795 | loss : 0.1637837141752243 | done : False
episode : 163 | score_avg : 207.25405795563717 | loss : 0.10700155794620514 | done : False
episode : 164 | score_avg : 211.42865216007345 | loss : 0.1417081207036972 | done : False
episode : 165 | score_avg : 215.33578694406611 | loss : -0.007291773799806833 | done : False
episode : 166 | score_avg : 216.75220824965953 | loss : 0.03503856807947159 | done : False
episode : 167 | score_avg : 219.9769874246936 | loss : 0.05677921697497368 | done : False
episode : 168 | score_avg : 220.62928868222423 | loss : 0.09103266894817352 | done : False
episode : 169 | score_avg : 223.6163598140018 | loss : 0.031643614172935486 | done : False
episode : 170 | score_avg : 226.30472383260164 | loss : 0.0019529437413439155 | done : False
episode : 171 | score_avg : 228.7242514493415 | loss : 0.006484334357082844 | done : False
episode : 172 | score_avg : 230.90182630440736 | loss : 0.0706978589296341 | done : False
episode : 173 | score_avg : 226.41164367396664 | loss : 0.16779690980911255 | done : False
episode : 174 | score_avg : 228.82047930656998 | loss : -0.004901256877928972 | done : False
episode : 175 | score_avg : 230.838431375913 | loss : -0.004966790322214365 | done : False
episode : 176 | score_avg : 232.8045882383217 | loss : 0.03460688889026642 | done : False
episode : 177 | score_avg : 219.27412941448955 | loss : 0.07705890387296677 | done : False
episode : 178 | score_avg : 222.3967164730406 | loss : -0.010573443956673145 | done : False
episode : 179 | score_avg : 225.20704482573657 | loss : -0.01394045539200306 | done : False
episode : 180 | score_avg : 202.53634034316292 | loss : 0.2558341920375824 | done : False
episode : 181 | score_avg : 122.18270630884663 | loss : 12.581483840942383 | done : False
episode : 182 | score_avg : 131.11443567796198 | loss : 0.10688357055187225 | done : False
episode : 183 | score_avg : 141.1029921101658 | loss : 0.04514503479003906 | done : False
episode : 184 | score_avg : 152.04269289914922 | loss : 0.08346069604158401 | done : False
episode : 185 | score_avg : 76.7384236092343 | loss : 10.111570358276367 | done : False
episode : 186 | score_avg : 84.66458124831087 | loss : 0.12599970400333405 | done : False
episode : 187 | score_avg : 98.39812312347979 | loss : 0.0815429612994194 | done : False
episode : 188 | score_avg : 113.60831081113182 | loss : 0.026119956746697426 | done : False
episode : 189 | score_avg : 127.14747973001865 | loss : -0.0002308167895535007 | done : False
episode : 190 | score_avg : 139.48273175701678 | loss : -0.020203858613967896 | done : False
episode : 191 | score_avg : 148.6344585813151 | loss : 0.04742884263396263 | done : False
episode : 192 | score_avg : 156.7210127231836 | loss : 0.06872115284204483 | done : False
episode : 193 | score_avg : 166.09891145086527 | loss : 0.02697840891778469 | done : False
episode : 194 | score_avg : 173.93902030577874 | loss : 0.011653590947389603 | done : False
episode : 195 | score_avg : 169.29511827520088 | loss : 0.415187269449234 | done : False
episode : 196 | score_avg : 177.4156064476808 | loss : -0.008383522741496563 | done : False
episode : 197 | score_avg : 184.72404580291274 | loss : -0.044725872576236725 | done : False
episode : 198 | score_avg : 190.70164122262145 | loss : 0.02226836420595646 | done : False
episode : 199 | score_avg : 195.78147710035933 | loss : 0.019897956401109695 | done : False
episode : 200 | score_avg : 181.1533293903234 | loss : 0.4961376190185547 | done : False
episode : 201 | score_avg : 137.08799645129108 | loss : 0.32741057872772217 | done : False
episode : 202 | score_avg : 146.62919680616199 | loss : 0.03764699026942253 | done : False
episode : 203 | score_avg : 157.0162771255458 | loss : 0.08982760459184647 | done : False
episode : 204 | score_avg : 162.16464941299122 | loss : 0.11087991297245026 | done : False
episode : 205 | score_avg : 165.2981844716921 | loss : 0.12512658536434174 | done : False
episode : 206 | score_avg : 164.0683660245229 | loss : 0.2521366477012634 | done : False
episode : 207 | score_avg : 162.51152942207062 | loss : 0.14925912022590637 | done : False
episode : 208 | score_avg : 170.71037647986356 | loss : 0.01245995331555605 | done : False
episode : 209 | score_avg : 165.3393388318772 | loss : 0.5543735027313232 | done : False
episode : 210 | score_avg : 173.85540494868948 | loss : -0.019207395613193512 | done : False
episode : 211 | score_avg : 181.51986445382056 | loss : 0.002430512337014079 | done : False
episode : 212 | score_avg : 167.7178780084385 | loss : 0.5157362818717957 | done : False
episode : 213 | score_avg : 175.54609020759466 | loss : 0.13961051404476166 | done : False
episode : 214 | score_avg : 155.59148118683518 | loss : 1.4216725826263428 | done : False
episode : 215 | score_avg : 161.48233306815166 | loss : 0.75211101770401 | done : False
episode : 216 | score_avg : 168.8840997613365 | loss : 0.34347832202911377 | done : False
episode : 217 | score_avg : 175.69568978520283 | loss : -0.0006216400652192533 | done : False
episode : 218 | score_avg : 183.17612080668258 | loss : 0.007603582460433245 | done : False
episode : 219 | score_avg : 183.60850872601432 | loss : 0.06160347908735275 | done : False
episode : 220 | score_avg : 189.8476578534129 | loss : 0.03493640571832657 | done : False
episode : 221 | score_avg : 194.4128920680716 | loss : 0.013713431544601917 | done : False
episode : 222 | score_avg : 198.67160286126443 | loss : 0.04986429959535599 | done : False
episode : 223 | score_avg : 202.80444257513798 | loss : -0.01542176678776741 | done : False
episode : 224 | score_avg : 203.9739983176242 | loss : 0.05865068361163139 | done : False
episode : 225 | score_avg : 207.57659848586178 | loss : 0.0222387183457613 | done : False
episode : 226 | score_avg : 211.86893863727562 | loss : -0.0026284640189260244 | done : False
episode : 227 | score_avg : 215.73204477354807 | loss : 0.07172161340713501 | done : False
episode : 228 | score_avg : 219.20884029619327 | loss : -0.018536638468503952 | done : False
episode : 229 | score_avg : 221.73795626657397 | loss : -0.010626210831105709 | done : False
episode : 230 | score_avg : 224.6141606399166 | loss : -0.015019821934401989 | done : False
episode : 231 | score_avg : 198.25274457592494 | loss : 0.27117517590522766 | done : False
episode : 232 | score_avg : 141.52747011833245 | loss : 0.34973734617233276 | done : False
episode : 233 | score_avg : 149.1247231064992 | loss : 0.11924511939287186 | done : False
episode : 234 | score_avg : 122.36225079584929 | loss : 0.29381391406059265 | done : False
episode : 235 | score_avg : 124.52602571626437 | loss : 0.1319810301065445 | done : False
episode : 236 | score_avg : 133.37342314463794 | loss : 0.12738753855228424 | done : False
episode : 237 | score_avg : 139.68608083017415 | loss : 0.06733766198158264 | done : False
episode : 238 | score_avg : 150.76747274715675 | loss : 0.046142447739839554 | done : False
episode : 239 | score_avg : 158.34072547244108 | loss : 0.03404700383543968 | done : False
episode : 240 | score_avg : 167.556652925197 | loss : 0.03474539890885353 | done : False
episode : 241 | score_avg : 174.50098763267732 | loss : 0.32633769512176514 | done : False
episode : 242 | score_avg : 182.1008888694096 | loss : 0.0038371235132217407 | done : False
episode : 243 | score_avg : 171.54079998246866 | loss : 0.34924399852752686 | done : False
episode : 244 | score_avg : 179.4367199842218 | loss : 0.007829753682017326 | done : False
episode : 245 | score_avg : 186.39304798579963 | loss : 0.07965326309204102 | done : False
episode : 246 | score_avg : 190.40374318721967 | loss : 0.09397847205400467 | done : False
episode : 247 | score_avg : 186.6633688684977 | loss : 0.09569715708494186 | done : False
episode : 248 | score_avg : 193.04703198164796 | loss : -0.030354510992765427 | done : False
episode : 249 | score_avg : 198.79232878348319 | loss : -0.0001380600588163361 | done : False
episode : 250 | score_avg : 199.91309590513487 | loss : 0.1453159898519516 | done : False
episode : 251 | score_avg : 139.5717863146214 | loss : 0.4277026355266571 | done : False
episode : 252 | score_avg : 149.01460768315926 | loss : 0.2573162019252777 | done : False
episode : 253 | score_avg : 158.56314691484334 | loss : 0.012557393871247768 | done : False
episode : 254 | score_avg : 162.50683222335903 | loss : 0.06129075586795807 | done : False
episode : 255 | score_avg : 170.55614900102313 | loss : 0.6927764415740967 | done : False
episode : 256 | score_avg : 178.55053410092083 | loss : -0.01790023036301136 | done : False
episode : 257 | score_avg : 185.74548069082877 | loss : -0.015393320471048355 | done : False
episode : 258 | score_avg : 192.2209326217459 | loss : -0.02582702599465847 | done : False
episode : 259 | score_avg : 198.04883935957133 | loss : 0.01855790615081787 | done : False
episode : 260 | score_avg : 201.3439554236142 | loss : 0.021341100335121155 | done : False
episode : 261 | score_avg : 172.9595598812528 | loss : 0.3641791343688965 | done : False
episode : 262 | score_avg : 161.96360389312753 | loss : 0.6089699864387512 | done : False
episode : 263 | score_avg : 168.11724350381476 | loss : 0.34746667742729187 | done : False
episode : 264 | score_avg : 91.2055191534333 | loss : 10.2752103805542 | done : False
episode : 265 | score_avg : 21.984967238089972 | loss : 10.041187286376953 | done : False
episode : 266 | score_avg : 44.836470514280975 | loss : 0.09010105580091476 | done : False
episode : 267 | score_avg : 36.60282346285288 | loss : 1.9274064302444458 | done : False
episode : 268 | score_avg : 57.992541116567594 | loss : 0.1100829467177391 | done : False
episode : 269 | score_avg : 73.49328700491084 | loss : 0.16436481475830078 | done : False
episode : 270 | score_avg : 88.49395830441975 | loss : -0.00025564085808582604 | done : False
episode : 271 | score_avg : 103.64456247397777 | loss : -0.0064203678630292416 | done : False
episode : 272 | score_avg : 116.98010622658 | loss : 0.11203311383724213 | done : False
episode : 273 | score_avg : 130.332095603922 | loss : -0.01636703871190548 | done : False
episode : 274 | score_avg : 142.3488860435298 | loss : -0.01386352814733982 | done : False
episode : 275 | score_avg : 153.16399743917682 | loss : -0.013856579549610615 | done : False
episode : 276 | score_avg : 156.89759769525915 | loss : 0.04111272096633911 | done : False
episode : 277 | score_avg : 164.75783792573324 | loss : 0.037920281291007996 | done : False
episode : 278 | score_avg : 168.08205413315994 | loss : 0.10003235936164856 | done : False
episode : 279 | score_avg : 176.32384871984397 | loss : -0.017984842881560326 | done : False
episode : 280 | score_avg : 178.04146384785957 | loss : 0.25747549533843994 | done : False
episode : 281 | score_avg : 100.13731746307363 | loss : 10.476061820983887 | done : False
episode : 282 | score_avg : 113.37358571676627 | loss : 0.19880715012550354 | done : False
episode : 283 | score_avg : 125.43622714508965 | loss : 0.20207512378692627 | done : False
episode : 284 | score_avg : 137.9426044305807 | loss : 0.007341091521084309 | done : False
episode : 285 | score_avg : 146.04834398752263 | loss : -0.00013805244816467166 | done : False
episode : 286 | score_avg : 154.69350958877038 | loss : 0.05538754537701607 | done : False
episode : 287 | score_avg : 163.52415862989335 | loss : 0.02944498509168625 | done : False
episode : 288 | score_avg : 152.12174276690402 | loss : 0.2743452489376068 | done : False
episode : 289 | score_avg : 161.95956849021363 | loss : 0.4011947512626648 | done : False
episode : 290 | score_avg : 168.41361164119226 | loss : 0.5622527599334717 | done : False
episode : 291 | score_avg : 176.62225047707304 | loss : 0.09740541875362396 | done : False
episode : 292 | score_avg : 182.36002542936575 | loss : 0.10102444887161255 | done : False
episode : 293 | score_avg : 189.17402288642919 | loss : 0.037898462265729904 | done : False
episode : 294 | score_avg : 187.0566205977863 | loss : 0.08151376992464066 | done : False
episode : 295 | score_avg : 192.95095853800765 | loss : -0.009739928878843784 | done : False
episode : 296 | score_avg : 198.7058626842069 | loss : -0.029428452253341675 | done : False
episode : 297 | score_avg : 203.88527641578622 | loss : -0.041300248354673386 | done : False
episode : 298 | score_avg : 208.0967487742076 | loss : -0.01256610732525587 | done : False
episode : 299 | score_avg : 211.73707389678685 | loss : -0.02773493528366089 | done : False
episode : 300 | score_avg : 209.91336650710818 | loss : 0.0544794499874115 | done : False
episode : 301 | score_avg : 211.12202985639738 | loss : 0.3021799325942993 | done : False
episode : 302 | score_avg : 212.05982687075766 | loss : 0.09152630716562271 | done : False
episode : 303 | score_avg : 215.9038441836819 | loss : 0.5439317226409912 | done : False
episode : 304 | score_avg : 213.5134597653137 | loss : 0.07714357227087021 | done : False
episode : 305 | score_avg : 217.21211378878235 | loss : 0.012141594663262367 | done : False
episode : 306 | score_avg : 219.49090240990412 | loss : -0.007943704724311829 | done : False
episode : 307 | score_avg : 222.59181216891372 | loss : -0.03914361447095871 | done : False
episode : 308 | score_avg : 225.08263095202236 | loss : -0.03709704428911209 | done : False
episode : 309 | score_avg : 224.32436785682012 | loss : 0.14059019088745117 | done : False
episode : 310 | score_avg : 223.19193107113813 | loss : 0.029955293983221054 | done : False
episode : 311 | score_avg : 224.27273796402432 | loss : 0.011266251094639301 | done : False
episode : 312 | score_avg : 226.44546416762188 | loss : 0.005074440035969019 | done : False
episode : 313 | score_avg : 224.2009177508597 | loss : 0.03144216164946556 | done : False
episode : 314 | score_avg : 226.83082597577373 | loss : 0.015649016946554184 | done : False
episode : 315 | score_avg : 229.19774337819638 | loss : -0.003961101174354553 | done : False
episode : 316 | score_avg : 231.32796904037676 | loss : 0.05112334340810776 | done : False
episode : 317 | score_avg : 201.2951721363391 | loss : 0.22183334827423096 | done : False
episode : 318 | score_avg : 204.11565492270518 | loss : 0.021876968443393707 | done : False
episode : 319 | score_avg : 166.60408943043467 | loss : 0.3196646273136139 | done : False
episode : 320 | score_avg : 171.09368048739123 | loss : 0.059403061866760254 | done : False
episode : 321 | score_avg : 177.8343124386521 | loss : -0.032566919922828674 | done : False
episode : 322 | score_avg : 178.05088119478688 | loss : 0.07885659486055374 | done : False
episode : 323 | score_avg : 184.8457930753082 | loss : 0.11125362664461136 | done : False
episode : 324 | score_avg : 180.91121376777738 | loss : 6.348570346832275 | done : True
episode : 325 | score_avg : 187.87009239099967 | loss : -0.04155362769961357 | done : False
episode : 326 | score_avg : 194.1330831518997 | loss : -0.02537427470088005 | done : False
episode : 327 | score_avg : 199.76977483670976 | loss : -0.020352639257907867 | done : False
episode : 328 | score_avg : 203.9427973530388 | loss : -0.029589369893074036 | done : False
episode : 329 | score_avg : 206.94851761773492 | loss : 0.000479197537060827 | done : False
episode : 330 | score_avg : 211.15366585596144 | loss : -0.03540562093257904 | done : False
episode : 331 | score_avg : 213.7382992703653 | loss : 0.026113972067832947 | done : False
episode : 332 | score_avg : 217.4144693433288 | loss : -0.011546384543180466 | done : False
episode : 333 | score_avg : 219.3730224089959 | loss : -0.018545743077993393 | done : False
episode : 334 | score_avg : 222.48572016809632 | loss : -0.04052690044045448 | done : False
episode : 335 | score_avg : 222.8871481512867 | loss : 0.023229489102959633 | done : False
episode : 336 | score_avg : 224.74843333615806 | loss : 0.04227064177393913 | done : False
episode : 337 | score_avg : 227.32359000254226 | loss : -0.04023986682295799 | done : False
episode : 338 | score_avg : 229.34123100228803 | loss : 0.025590550154447556 | done : False
episode : 339 | score_avg : 226.35710790205923 | loss : 0.07369803637266159 | done : False
episode : 340 | score_avg : 228.1713971118533 | loss : -0.004185369238257408 | done : False
episode : 341 | score_avg : 230.404257400668 | loss : -0.02322189323604107 | done : False
episode : 342 | score_avg : 229.4138316606012 | loss : 0.0047290814109146595 | done : False
episode : 343 | score_avg : 231.5224484945411 | loss : -0.03832248970866203 | done : False
episode : 344 | score_avg : 233.420203645087 | loss : -0.03952175751328468 | done : False
episode : 345 | score_avg : 235.12818328057833 | loss : -0.02508750557899475 | done : False
episode : 346 | score_avg : 236.3653649525205 | loss : -0.04061013087630272 | done : False
episode : 347 | score_avg : 237.77882845726847 | loss : -0.04370180144906044 | done : False
episode : 348 | score_avg : 238.00094561154162 | loss : 0.013712555170059204 | done : False
episode : 349 | score_avg : 239.25085105038747 | loss : -0.021819284185767174 | done : False
episode : 350 | score_avg : 240.37576594534875 | loss : -0.014012475498020649 | done : False
episode : 351 | score_avg : 240.03818935081387 | loss : 0.045255642384290695 | done : False
episode : 352 | score_avg : 239.1343704157325 | loss : 0.45137524604797363 | done : False
episode : 353 | score_avg : 240.27093337415926 | loss : 0.06402397900819778 | done : False
episode : 354 | score_avg : 233.79384003674335 | loss : 0.12122788280248642 | done : False
episode : 355 | score_avg : 235.01445603306902 | loss : -0.044257547706365585 | done : False
episode : 356 | score_avg : 236.56301042976213 | loss : -0.036699045449495316 | done : False
episode : 357 | score_avg : 238.55670938678594 | loss : 6.050685882568359 | done : False
episode : 358 | score_avg : 236.15103844810733 | loss : 0.16860848665237427 | done : False
episode : 359 | score_avg : 237.5859346032966 | loss : -0.06095302104949951 | done : False
episode : 360 | score_avg : 236.92734114296695 | loss : 0.03226353973150253 | done : False
episode : 361 | score_avg : 238.28460702867028 | loss : 0.14634042978286743 | done : False
episode : 362 | score_avg : 239.50614632580326 | loss : -0.05048776790499687 | done : False
episode : 363 | score_avg : 235.50553169322296 | loss : 0.08819881826639175 | done : False
episode : 364 | score_avg : 231.9049785239007 | loss : 0.28823864459991455 | done : False
episode : 365 | score_avg : 233.46448067151064 | loss : -0.04954225942492485 | done : False
episode : 366 | score_avg : 230.51803260435958 | loss : 0.060738611966371536 | done : False
episode : 367 | score_avg : 228.46622934392363 | loss : 0.1402289867401123 | done : False
episode : 368 | score_avg : 230.51960640953126 | loss : -0.040745481848716736 | done : False
episode : 369 | score_avg : 232.51764576857815 | loss : 0.024780185893177986 | done : False
episode : 370 | score_avg : 224.86588119172032 | loss : 0.0863104909658432 | done : False
episode : 371 | score_avg : 227.4292930725483 | loss : -0.049844156950712204 | done : False
episode : 372 | score_avg : 229.73636376529348 | loss : -0.041672561317682266 | done : False
episode : 373 | score_avg : 211.1127273887641 | loss : 0.35052746534347534 | done : False
episode : 374 | score_avg : 214.6014546498877 | loss : -0.04065930098295212 | done : False
episode : 375 | score_avg : 218.19130918489896 | loss : -0.04361783340573311 | done : False
episode : 376 | score_avg : 222.02217826640907 | loss : 1.4335970878601074 | done : False
episode : 377 | score_avg : 223.9699604397682 | loss : 0.035346098244190216 | done : False
episode : 378 | score_avg : 227.02296439579135 | loss : 6.65664005279541 | done : False
episode : 379 | score_avg : 226.97066795621222 | loss : -0.0042168013751506805 | done : False
episode : 380 | score_avg : 229.323601160591 | loss : -0.024443602189421654 | done : False
episode : 381 | score_avg : 231.44124104453192 | loss : -0.05302061513066292 | done : False
episode : 382 | score_avg : 233.34711694007873 | loss : -0.020114000886678696 | done : False
episode : 383 | score_avg : 235.06240524607088 | loss : -0.034359972923994064 | done : False
episode : 384 | score_avg : 231.5061647214638 | loss : 0.06834522634744644 | done : False
episode : 385 | score_avg : 233.10554824931742 | loss : -0.022514788433909416 | done : False
episode : 386 | score_avg : 232.4449934243857 | loss : 0.03831023722887039 | done : False
episode : 387 | score_avg : 233.50049408194715 | loss : 0.002705627353861928 | done : False
episode : 388 | score_avg : 234.15044467375245 | loss : -0.012398839928209782 | done : False
episode : 389 | score_avg : 235.7854002063772 | loss : 0.0046510822139680386 | done : False
episode : 390 | score_avg : 237.2568601857395 | loss : 0.040897149592638016 | done : False
episode : 391 | score_avg : 238.58117416716556 | loss : -0.0024688816629350185 | done : False
episode : 392 | score_avg : 239.77305675044903 | loss : -0.00338878040201962 | done : False
episode : 393 | score_avg : 240.84575107540414 | loss : -0.014699891209602356 | done : False
episode : 394 | score_avg : 241.81117596786373 | loss : -0.020971031859517097 | done : False
episode : 395 | score_avg : 239.08005837107737 | loss : 0.10116533190011978 | done : False
episode : 396 | score_avg : 236.77205253396963 | loss : 0.11365713179111481 | done : False
episode : 397 | score_avg : 233.49484728057269 | loss : 0.06773931533098221 | done : False
episode : 398 | score_avg : 233.09536255251544 | loss : 0.08982182294130325 | done : False
episode : 399 | score_avg : 234.6858262972639 | loss : 0.013812423683702946 | done : False
episode : 400 | score_avg : 227.8672436675375 | loss : 0.16089795529842377 | done : False
episode : 401 | score_avg : 230.13051930078376 | loss : 0.035927534103393555 | done : False
episode : 402 | score_avg : 226.3174673707054 | loss : 0.1595623642206192 | done : False
episode : 403 | score_avg : 228.73572063363488 | loss : 0.004388138186186552 | done : False
episode : 404 | score_avg : 229.8621485702714 | loss : -0.0016344093019142747 | done : False
episode : 405 | score_avg : 231.77593371324426 | loss : -0.0374995693564415 | done : False
episode : 406 | score_avg : 233.64834034191983 | loss : -0.03774724528193474 | done : False
episode : 407 | score_avg : 230.83350630772787 | loss : 0.09335348010063171 | done : False
episode : 408 | score_avg : 232.80015567695511 | loss : -0.0308904480189085 | done : False
episode : 409 | score_avg : 233.67014010925962 | loss : 0.039451174437999725 | done : False
episode : 410 | score_avg : 235.35312609833366 | loss : 0.00956713780760765 | done : False
episode : 411 | score_avg : 236.5678134885003 | loss : 0.003212731797248125 | done : False
episode : 412 | score_avg : 232.26103213965027 | loss : 0.07114741206169128 | done : False
episode : 413 | score_avg : 234.08492892568526 | loss : -0.015051285736262798 | done : False
episode : 414 | score_avg : 234.07643603311675 | loss : 0.011990186758339405 | done : False
episode : 415 | score_avg : 235.26879242980507 | loss : 0.0023975162766873837 | done : False
episode : 416 | score_avg : 236.49191318682458 | loss : 0.000712554610799998 | done : False
episode : 417 | score_avg : 234.74272186814213 | loss : 0.02374890446662903 | done : False
episode : 418 | score_avg : 236.31844968132793 | loss : -0.030838001519441605 | done : False
episode : 419 | score_avg : 236.53660471319515 | loss : -0.022947564721107483 | done : False
episode : 420 | score_avg : 237.93294424187565 | loss : -0.0460800901055336 | done : False
episode : 421 | score_avg : 179.7896498176881 | loss : 0.18476760387420654 | done : False
episode : 422 | score_avg : 183.5606848359193 | loss : 0.14482088387012482 | done : False
episode : 423 | score_avg : 178.85461635232738 | loss : 0.052492763847112656 | done : False
episode : 424 | score_avg : 182.26915471709466 | loss : 0.6593235731124878 | done : False
episode : 425 | score_avg : 186.8422392453852 | loss : 0.0315333716571331 | done : False
episode : 426 | score_avg : 193.2080153208467 | loss : 0.24984562397003174 | done : False
episode : 427 | score_avg : 187.53721378876205 | loss : 0.1118224561214447 | done : False
episode : 428 | score_avg : 190.98349240988586 | loss : 0.03620019182562828 | done : False
episode : 429 | score_avg : 196.1851431688973 | loss : -0.009609295055270195 | done : False
episode : 430 | score_avg : 195.76662885200756 | loss : 0.06843392550945282 | done : False
episode : 431 | score_avg : 201.2399659668068 | loss : -0.02229497954249382 | done : False
episode : 432 | score_avg : 205.56596937012614 | loss : -0.03117217868566513 | done : False
episode : 433 | score_avg : 208.40937243311353 | loss : -0.010286825709044933 | done : False
episode : 434 | score_avg : 212.6184351898022 | loss : -0.03633388504385948 | done : False
episode : 435 | score_avg : 215.20659167082198 | loss : 0.03725029528141022 | done : False
episode : 436 | score_avg : 215.8859325037398 | loss : 0.03012033738195896 | done : False
episode : 437 | score_avg : 218.89733925336583 | loss : -0.03799685835838318 | done : False
episode : 438 | score_avg : 216.20760532802927 | loss : 0.25987768173217773 | done : False
episode : 439 | score_avg : 152.28684479522633 | loss : 0.2852863669395447 | done : False
episode : 440 | score_avg : 90.8581603157037 | loss : 0.32735586166381836 | done : False
episode : 441 | score_avg : 105.17234428413333 | loss : 0.26019707322120667 | done : False
episode : 442 | score_avg : 119.70510985572 | loss : 0.9319137930870056 | done : False
episode : 443 | score_avg : 132.634598870148 | loss : 0.7163546085357666 | done : False
episode : 444 | score_avg : 144.4211389831332 | loss : 0.34165269136428833 | done : False
episode : 445 | score_avg : 153.22902508481988 | loss : 0.1288323700428009 | done : False
episode : 446 | score_avg : 162.95612257633792 | loss : 0.005851870868355036 | done : False
episode : 447 | score_avg : 171.71051031870414 | loss : 0.008564496412873268 | done : False
episode : 448 | score_avg : 179.58945928683374 | loss : 0.0055103907361626625 | done : False
episode : 449 | score_avg : 185.9305133581504 | loss : -0.020803701132535934 | done : False
episode : 450 | score_avg : 192.38746202233537 | loss : -0.005936034023761749 | done : False
episode : 451 | score_avg : 198.19871582010185 | loss : -0.01612411066889763 | done : False
episode : 452 | score_avg : 192.47884423809165 | loss : 0.18112866580486298 | done : False
episode : 453 | score_avg : 196.6309598142825 | loss : 0.09981076419353485 | done : False
episode : 454 | score_avg : 179.06786383285424 | loss : 0.29884329438209534 | done : False
episode : 455 | score_avg : 179.76107744956883 | loss : 0.04725179076194763 | done : False
episode : 456 | score_avg : 185.78496970461194 | loss : 0.6847450137138367 | done : False
episode : 457 | score_avg : 119.50647273415073 | loss : 0.44106948375701904 | done : False
episode : 458 | score_avg : 37.60582546073566 | loss : 19.79690933227539 | done : False
episode : 459 | score_avg : 58.89524291466209 | loss : 0.33415135741233826 | done : False
episode : 460 | score_avg : 47.90571862319588 | loss : 0.43546226620674133 | done : False
episode : 461 | score_avg : 63.6651467608763 | loss : 0.5882605910301208 | done : False
episode : 462 | score_avg : 77.54863208478866 | loss : 0.24204644560813904 | done : False
episode : 463 | score_avg : 90.4937688763098 | loss : 0.5063050389289856 | done : False
episode : 464 | score_avg : 106.49439198867881 | loss : 0.09566030651330948 | done : False
episode : 465 | score_avg : 114.44495278981094 | loss : 0.7177269458770752 | done : False
episode : 466 | score_avg : 118.30045751082984 | loss : 0.10141243040561676 | done : False
episode : 467 | score_avg : 131.52041175974688 | loss : 0.00442602951079607 | done : False
episode : 468 | score_avg : 140.8683705837722 | loss : 0.039475925266742706 | done : False
episode : 469 | score_avg : 113.13153352539497 | loss : 0.3684549033641815 | done : False
episode : 470 | score_avg : 41.71838017285547 | loss : 10.296367645263672 | done : False
episode : 471 | score_avg : 62.59654215556992 | loss : 0.13264350593090057 | done : False
episode : 472 | score_avg : 78.68688794001292 | loss : 0.04541724920272827 | done : False
episode : 473 | score_avg : 95.86819914601163 | loss : 0.0018976384308189154 | done : False
episode : 474 | score_avg : 85.08137923141047 | loss : 0.2472669631242752 | done : False
episode : 475 | score_avg : 16.473241308269415 | loss : 10.018741607666016 | done : False
episode : 476 | score_avg : 38.375917177442474 | loss : 0.25313860177993774 | done : False
episode : 477 | score_avg : 59.588325459698225 | loss : 0.0697719156742096 | done : False
episode : 478 | score_avg : 78.67949291372841 | loss : 0.204301118850708 | done : False
episode : 479 | score_avg : 95.86154362235557 | loss : 0.02143150568008423 | done : False
episode : 480 | score_avg : 26.175389260120006 | loss : 10.30301284790039 | done : False
episode : 481 | score_avg : 48.45785033410801 | loss : 0.06924321502447128 | done : False
episode : 482 | score_avg : 64.46206530069722 | loss : 0.10818260163068771 | done : False
episode : 483 | score_avg : 83.0658587706275 | loss : 0.06891743093729019 | done : False
episode : 484 | score_avg : 96.05927289356475 | loss : 0.08288099616765976 | done : False
episode : 485 | score_avg : 111.50334560420828 | loss : -0.0287336315959692 | done : False
episode : 486 | score_avg : 40.253011043787446 | loss : 10.279890060424805 | done : False
episode : 487 | score_avg : 53.477709939408705 | loss : 0.11310374736785889 | done : False
episode : 488 | score_avg : -11.970061054532167 | loss : 9.894968032836914 | done : False
episode : 489 | score_avg : 8.876945050921051 | loss : 0.12806987762451172 | done : False
episode : 490 | score_avg : -52.11074945417106 | loss : 9.952554702758789 | done : False
episode : 491 | score_avg : -27.69967450875395 | loss : 0.08524943888187408 | done : False
episode : 492 | score_avg : 0.12029294212144492 | loss : 0.573777437210083 | done : False
episode : 493 | score_avg : 25.008263647909303 | loss : 0.026293311268091202 | done : False
episode : 494 | score_avg : 47.557437283118375 | loss : -0.03062475100159645 | done : False
episode : 495 | score_avg : 66.95169355480654 | loss : 0.05627157911658287 | done : False
episode : 496 | score_avg : 37.15652419932589 | loss : 0.3564116954803467 | done : False
episode : 497 | score_avg : -9.909128220606704 | loss : 0.22087009251117706 | done : False
episode : 498 | score_avg : -28.268215398546033 | loss : 15.048141479492188 | done : False
episode : 499 | score_avg : -25.59139385869143 | loss : 0.6234837174415588 | done : False
episode : 500 | score_avg : -14.182254472822288 | loss : 0.3294869065284729 | done : False
episode : 501 | score_avg : 3.285970974459941 | loss : 0.2519007623195648 | done : False
episode : 502 | score_avg : 23.057373877013948 | loss : 0.036020003259181976 | done : False
episode : 503 | score_avg : 35.00163648931255 | loss : 0.398813933134079 | done : False
episode : 504 | score_avg : 40.651472840381295 | loss : 0.18295584619045258 | done : False
episode : 505 | score_avg : 50.83632555634317 | loss : 0.5171558260917664 | done : False
episode : 506 | score_avg : 69.15269300070885 | loss : 0.09646331518888474 | done : False
episode : 507 | score_avg : 2.1374237006379673 | loss : 10.166389465332031 | done : False
episode : 508 | score_avg : 26.97368133057417 | loss : 0.06893398612737656 | done : False
episode : 509 | score_avg : -35.82368680248325 | loss : 10.195306777954102 | done : False
episode : 510 | score_avg : -61.94131812223493 | loss : 0.11930423229932785 | done : False
episode : 511 | score_avg : -32.947186310011446 | loss : 0.06511912494897842 | done : False
episode : 512 | score_avg : -9.402467679010304 | loss : 0.22978878021240234 | done : False
episode : 513 | score_avg : 13.437779088890728 | loss : 0.030675183981657028 | done : False
episode : 514 | score_avg : 37.14400118000166 | loss : 0.3217325508594513 | done : False
episode : 515 | score_avg : 52.6296010620015 | loss : 0.08678372204303741 | done : False
episode : 516 | score_avg : 72.41664095580136 | loss : -0.006984025239944458 | done : False
episode : 517 | score_avg : 85.27497686022122 | loss : 0.03597873076796532 | done : False
episode : 518 | score_avg : 99.3974791741991 | loss : 0.04929887875914574 | done : False
episode : 519 | score_avg : 110.9077312567792 | loss : 0.036184072494506836 | done : False
episode : 520 | score_avg : 110.1669581311013 | loss : 0.2544122040271759 | done : False
episode : 521 | score_avg : 124.20026231799116 | loss : -0.008536767214536667 | done : False
episode : 522 | score_avg : 130.53023608619205 | loss : 0.08459465950727463 | done : False
episode : 523 | score_avg : 126.32721247757284 | loss : 0.17808611690998077 | done : False
episode : 524 | score_avg : 134.69449122981555 | loss : 0.04052310809493065 | done : False
episode : 525 | score_avg : 138.92504210683398 | loss : 0.05224592983722687 | done : False
episode : 526 | score_avg : 150.0825378961506 | loss : -0.015776630491018295 | done : False
episode : 527 | score_avg : 141.07428410653554 | loss : 0.24232640862464905 | done : False
episode : 528 | score_avg : 129.36685569588198 | loss : 0.20554426312446594 | done : False
episode : 529 | score_avg : 140.8801701262938 | loss : 0.07860223948955536 | done : False
episode : 530 | score_avg : 115.99215311366441 | loss : 0.2836899161338806 | done : False
episode : 531 | score_avg : 44.29293780229798 | loss : 10.390107154846191 | done : False
episode : 532 | score_avg : 64.91364402206818 | loss : 0.24228191375732422 | done : False
episode : 533 | score_avg : 48.22227961986136 | loss : 0.2452806681394577 | done : False
episode : 534 | score_avg : 59.900051657875224 | loss : 0.3362298607826233 | done : False
episode : 535 | score_avg : 78.9600464920877 | loss : 0.10285063087940216 | done : False
episode : 536 | score_avg : 96.11404184287893 | loss : 0.04331138730049133 | done : False
episode : 537 | score_avg : 110.50263765859104 | loss : 0.07396925985813141 | done : False
episode : 538 | score_avg : 124.50237389273194 | loss : 0.013069605454802513 | done : False
episode : 539 | score_avg : 137.10213650345875 | loss : 0.0200812928378582 | done : False
episode : 540 | score_avg : 148.44192285311289 | loss : 0.009770313277840614 | done : False
episode : 541 | score_avg : 73.4977305678016 | loss : 11.627644538879395 | done : False
episode : 542 | score_avg : 88.79795751102145 | loss : 0.08703343570232391 | done : False
episode : 543 | score_avg : 19.818161759919313 | loss : 10.509735107421875 | done : False
episode : 544 | score_avg : 25.786345583927382 | loss : 0.20228448510169983 | done : False
episode : 545 | score_avg : 48.25771102553465 | loss : 0.24948088824748993 | done : False
episode : 546 | score_avg : 55.431939922981186 | loss : 0.3071025609970093 | done : False
episode : 547 | score_avg : 72.83874593068307 | loss : 0.23667795956134796 | done : False
episode : 548 | score_avg : 90.60487133761477 | loss : 0.048071760684251785 | done : False
episode : 549 | score_avg : 106.5943842038533 | loss : -0.004142079036682844 | done : False
episode : 550 | score_avg : 118.88494578346797 | loss : 0.07478472590446472 | done : False
episode : 551 | score_avg : 129.04645120512117 | loss : 0.06191511079668999 | done : False
episode : 552 | score_avg : 133.24180608460907 | loss : 0.24605920910835266 | done : False
episode : 553 | score_avg : 144.96762547614816 | loss : 0.045125871896743774 | done : False
episode : 554 | score_avg : 153.27086292853335 | loss : 0.00958218052983284 | done : False
episode : 555 | score_avg : 162.99377663568004 | loss : 0.0020587430335581303 | done : False
episode : 556 | score_avg : 170.99439897211204 | loss : 0.0191466324031353 | done : False
episode : 557 | score_avg : 171.29495907490085 | loss : 0.5491102933883667 | done : False
episode : 558 | score_avg : 170.66546316741076 | loss : 0.4193270802497864 | done : False
episode : 559 | score_avg : 173.9989168506697 | loss : 0.11820359528064728 | done : False
episode : 560 | score_avg : 180.89902516560275 | loss : 0.031009862199425697 | done : False
episode : 561 | score_avg : 186.65912264904247 | loss : -0.0011370672145858407 | done : False
episode : 562 | score_avg : 192.29321038413823 | loss : 0.024629957973957062 | done : False
episode : 563 | score_avg : 112.96388934572443 | loss : 10.178703308105469 | done : False
episode : 564 | score_avg : 41.56750041115199 | loss : 10.400136947631836 | done : False
episode : 565 | score_avg : 62.46075037003679 | loss : 0.19719401001930237 | done : False
episode : 566 | score_avg : 81.26467533303311 | loss : 0.223780557513237 | done : False
episode : 567 | score_avg : 13.038207799729797 | loss : 10.904150009155273 | done : False
episode : 568 | score_avg : -48.365612980243185 | loss : 10.125871658325195 | done : False
episode : 569 | score_avg : -19.52905168221887 | loss : 0.5043159127235413 | done : False
episode : 570 | score_avg : 7.473853486003016 | loss : 0.10777170211076736 | done : False
episode : 571 | score_avg : 31.776468137402716 | loss : 0.08797428011894226 | done : False
episode : 572 | score_avg : 53.648821323662446 | loss : 0.03956222906708717 | done : False
episode : 573 | score_avg : 57.283939191296206 | loss : 0.20936164259910583 | done : False
episode : 574 | score_avg : 72.25554527216659 | loss : 0.056427404284477234 | done : False
episode : 575 | score_avg : 90.07999074494992 | loss : 0.010511108674108982 | done : False
episode : 576 | score_avg : 86.62199167045493 | loss : 0.20604188740253448 | done : False
episode : 577 | score_avg : 103.00979250340944 | loss : -0.004476993810385466 | done : False
episode : 578 | score_avg : 116.55881325306851 | loss : -0.016195377334952354 | done : False
episode : 579 | score_avg : 126.20293192776165 | loss : 0.06472580134868622 | done : False
episode : 580 | score_avg : 138.6326387349855 | loss : 0.11360771954059601 | done : False
